<?xml version="1.0" encoding="UTF-8"?>
<TestRun id="efba161a-69e3-41a7-9752-b2522b184c4f" name="sheila.deskins@TEGRIT0048 2015-05-21 16:41:28" runUser="TEGRITSOLUTIONS\sheila.deskins" xmlns="http://microsoft.com/schemas/VisualStudio/TeamTest/2010">
  <TestSettings name="Default Test Settings" id="6b9297f4-afef-44fb-b97f-bcb7b6b6c8dc">
    <Deployment userDeploymentRoot="C:\Exercises\MVC\MVC_3.0\OdeToFood\TestResults" useDefaultDeploymentRoot="false" runDeploymentRoot="sheila.deskins_TEGRIT0048 2015-05-21 16_41_28">
      <DeploymentItem filename="C:\Exercises\MVC\MVC_3.0\OdeToFood\OdeToFood\bin\OdeToFood.dll" />
    </Deployment>
    <Execution>
      <TestTypeSpecific />
      <AgentRule name="Execution Agents">
      </AgentRule>
    </Execution>
  </TestSettings>
  <Times creation="2015-05-21T16:41:28.7725385-04:00" queuing="2015-05-21T16:41:28.8495385-04:00" start="2015-05-21T16:41:28.8525385-04:00" finish="2015-05-21T16:41:28.9815385-04:00" />
  <ResultSummary outcome="Failed">
    <Counters total="1" executed="1" error="0" failed="1" timeout="0" aborted="0" inconclusive="0" passedButRunAborted="0" notRunnable="0" notExecuted="0" disconnected="0" warning="0" passed="0" completed="0" inProgress="0" pending="0" />
  </ResultSummary>
  <TestDefinitions>
    <UnitTest name="Puts_Message_In_View_Bag" storage="c:\exercises\mvc\mvc_3.0\odetofood\odetofood.tests\bin\debug\odetofood.tests.dll" id="77b5b880-69e5-6604-5df0-5ad97916b7c0">
      <Execution id="52cea6de-9a66-48ca-ad25-6116f3c1eabb" />
      <TestMethod codeBase="C:/Exercises/MVC/MVC_3.0/OdeToFood/OdeToFood.Tests/bin/Debug/OdeToFood.Tests.DLL" adapterTypeName="Microsoft.VisualStudio.TestTools.TestTypes.Unit.UnitTestAdapter, Microsoft.VisualStudio.QualityTools.Tips.UnitTest.Adapter, Version=10.0.0.0, Culture=neutral, PublicKeyToken=b03f5f7f11d50a3a" className="OdeToFood.Tests.Controllers.HomeControllerTest, OdeToFood.Tests, Version=1.0.0.0, Culture=neutral, PublicKeyToken=null" name="Puts_Message_In_View_Bag" />
    </UnitTest>
  </TestDefinitions>
  <TestLists>
    <TestList name="Results Not in a List" id="8c84fa94-04c1-424b-9868-57a2d4851a1d" />
    <TestList name="All Loaded Results" id="19431567-8539-422a-85d7-44ee4e166bda" />
  </TestLists>
  <TestEntries>
    <TestEntry testId="77b5b880-69e5-6604-5df0-5ad97916b7c0" executionId="52cea6de-9a66-48ca-ad25-6116f3c1eabb" testListId="8c84fa94-04c1-424b-9868-57a2d4851a1d" />
  </TestEntries>
  <Results>
    <UnitTestResult executionId="52cea6de-9a66-48ca-ad25-6116f3c1eabb" testId="77b5b880-69e5-6604-5df0-5ad97916b7c0" testName="Puts_Message_In_View_Bag" computerName="TEGRIT0048" duration="00:00:00.0272527" startTime="2015-05-21T16:41:28.8555385-04:00" endTime="2015-05-21T16:41:28.9725385-04:00" testType="13cdc9d9-ddb5-4fa4-a97d-d965ccfc6d4b" outcome="Failed" testListId="8c84fa94-04c1-424b-9868-57a2d4851a1d" relativeResultsDirectory="52cea6de-9a66-48ca-ad25-6116f3c1eabb">
      <Output>
        <ErrorInfo>
          <Message>Assert.AreEqual failed. Expected:&lt;Welcome to ASP.NET MVC!&gt;. Actual:&lt;(null)&gt;. </Message>
          <StackTrace>   at CallSite.Target(Closure , CallSite , Type , String , Object )
   at System.Dynamic.UpdateDelegates.UpdateAndExecuteVoid3[T0,T1,T2](CallSite site, T0 arg0, T1 arg1, T2 arg2)
   at OdeToFood.Tests.Controllers.HomeControllerTest.Puts_Message_In_View_Bag() in C:\Exercises\MVC\MVC_3.0\OdeToFood\OdeToFood.Tests\Controllers\HomeControllerTest.cs:line 25
</StackTrace>
        </ErrorInfo>
      </Output>
    </UnitTestResult>
  </Results>
</TestRun>