<?xml version="1.0" encoding="UTF-8"?>
<TestRun id="14a18f41-422d-4752-ae0b-d0dc07d4972c" name="sheila.deskins@TEGRIT0048 2015-05-21 16:41:43" runUser="TEGRITSOLUTIONS\sheila.deskins" xmlns="http://microsoft.com/schemas/VisualStudio/TeamTest/2010">
  <TestSettings name="Default Test Settings" id="6b9297f4-afef-44fb-b97f-bcb7b6b6c8dc">
    <Deployment userDeploymentRoot="C:\Exercises\MVC\MVC_3.0\OdeToFood\TestResults" useDefaultDeploymentRoot="false" runDeploymentRoot="sheila.deskins_TEGRIT0048 2015-05-21 16_41_43">
      <DeploymentItem filename="C:\Exercises\MVC\MVC_3.0\OdeToFood\OdeToFood\bin\OdeToFood.dll" />
    </Deployment>
    <Execution>
      <TestTypeSpecific />
      <AgentRule name="Execution Agents">
      </AgentRule>
    </Execution>
  </TestSettings>
  <Times creation="2015-05-21T16:41:43.9855385-04:00" queuing="2015-05-21T16:41:44.0405385-04:00" start="2015-05-21T16:41:44.0435385-04:00" finish="2015-05-21T16:41:44.1705385-04:00" />
  <ResultSummary outcome="Completed">
    <Counters total="1" executed="1" passed="1" error="0" failed="0" timeout="0" aborted="0" inconclusive="0" passedButRunAborted="0" notRunnable="0" notExecuted="0" disconnected="0" warning="0" completed="0" inProgress="0" pending="0" />
  </ResultSummary>
  <TestDefinitions>
    <UnitTest name="Puts_Message_In_View_Bag" storage="c:\exercises\mvc\mvc_3.0\odetofood\odetofood.tests\bin\debug\odetofood.tests.dll" id="77b5b880-69e5-6604-5df0-5ad97916b7c0">
      <Execution id="6d45d21d-7d1a-4d96-90ce-3d33478de33c" />
      <TestMethod codeBase="C:/Exercises/MVC/MVC_3.0/OdeToFood/OdeToFood.Tests/bin/Debug/OdeToFood.Tests.DLL" adapterTypeName="Microsoft.VisualStudio.TestTools.TestTypes.Unit.UnitTestAdapter, Microsoft.VisualStudio.QualityTools.Tips.UnitTest.Adapter, Version=10.0.0.0, Culture=neutral, PublicKeyToken=b03f5f7f11d50a3a" className="OdeToFood.Tests.Controllers.HomeControllerTest, OdeToFood.Tests, Version=1.0.0.0, Culture=neutral, PublicKeyToken=null" name="Puts_Message_In_View_Bag" />
    </UnitTest>
  </TestDefinitions>
  <TestLists>
    <TestList name="Results Not in a List" id="8c84fa94-04c1-424b-9868-57a2d4851a1d" />
    <TestList name="All Loaded Results" id="19431567-8539-422a-85d7-44ee4e166bda" />
  </TestLists>
  <TestEntries>
    <TestEntry testId="77b5b880-69e5-6604-5df0-5ad97916b7c0" executionId="6d45d21d-7d1a-4d96-90ce-3d33478de33c" testListId="8c84fa94-04c1-424b-9868-57a2d4851a1d" />
  </TestEntries>
  <Results>
    <UnitTestResult executionId="6d45d21d-7d1a-4d96-90ce-3d33478de33c" testId="77b5b880-69e5-6604-5df0-5ad97916b7c0" testName="Puts_Message_In_View_Bag" computerName="TEGRIT0048" duration="00:00:00.0259162" startTime="2015-05-21T16:41:44.0465385-04:00" endTime="2015-05-21T16:41:44.1615385-04:00" testType="13cdc9d9-ddb5-4fa4-a97d-d965ccfc6d4b" outcome="Passed" testListId="8c84fa94-04c1-424b-9868-57a2d4851a1d" relativeResultsDirectory="6d45d21d-7d1a-4d96-90ce-3d33478de33c">
    </UnitTestResult>
  </Results>
</TestRun>