<?xml version="1.0" encoding="UTF-8"?>
<TestRun id="c4200128-4252-40b2-8408-9d274dfc2f7f" name="sheila.deskins@TEGRIT0048 2015-05-21 16:40:38" runUser="TEGRITSOLUTIONS\sheila.deskins" xmlns="http://microsoft.com/schemas/VisualStudio/TeamTest/2010">
  <TestSettings name="Default Test Settings" id="6b9297f4-afef-44fb-b97f-bcb7b6b6c8dc">
    <Deployment runDeploymentRoot="sheila.deskins_TEGRIT0048 2015-05-21 16_40_38">
      <DeploymentItem filename="C:\Exercises\MVC\MVC_3.0\OdeToFood\OdeToFood\bin\OdeToFood.dll" />
    </Deployment>
    <Execution>
      <TestTypeSpecific />
      <AgentRule name="Execution Agents">
      </AgentRule>
    </Execution>
  </TestSettings>
  <Times creation="2015-05-21T16:40:38.2175385-04:00" queuing="2015-05-21T16:40:38.3265385-04:00" start="2015-05-21T16:40:38.3295385-04:00" finish="2015-05-21T16:40:38.4785385-04:00" />
  <ResultSummary outcome="Failed">
    <Counters total="3" executed="3" passed="2" error="0" failed="1" timeout="0" aborted="0" inconclusive="0" passedButRunAborted="0" notRunnable="0" notExecuted="0" disconnected="0" warning="0" completed="0" inProgress="0" pending="0" />
  </ResultSummary>
  <TestDefinitions>
    <UnitTest name="Index" storage="c:\exercises\mvc\mvc_3.0\odetofood\odetofood.tests\bin\debug\odetofood.tests.dll" id="63556101-b6bd-1fd7-9e9c-28627f792b94">
      <Execution id="93b5a1f0-4732-4f15-aee0-b045029e85e6" />
      <TestMethod codeBase="C:/Exercises/MVC/MVC_3.0/OdeToFood/OdeToFood.Tests/bin/Debug/OdeToFood.Tests.DLL" adapterTypeName="Microsoft.VisualStudio.TestTools.TestTypes.Unit.UnitTestAdapter, Microsoft.VisualStudio.QualityTools.Tips.UnitTest.Adapter, Version=10.0.0.0, Culture=neutral, PublicKeyToken=b03f5f7f11d50a3a" className="OdeToFood.Tests.Controllers.HomeControllerTest, OdeToFood.Tests, Version=1.0.0.0, Culture=neutral, PublicKeyToken=null" name="Index" />
    </UnitTest>
    <UnitTest name="About" storage="c:\exercises\mvc\mvc_3.0\odetofood\odetofood.tests\bin\debug\odetofood.tests.dll" id="653a2c34-af22-d968-0820-3bd0b2574fa2">
      <Execution id="6d23b766-6ff8-4089-be3f-44dd74b6bf7e" />
      <TestMethod codeBase="C:/Exercises/MVC/MVC_3.0/OdeToFood/OdeToFood.Tests/bin/Debug/OdeToFood.Tests.DLL" adapterTypeName="Microsoft.VisualStudio.TestTools.TestTypes.Unit.UnitTestAdapter, Microsoft.VisualStudio.QualityTools.Tips.UnitTest.Adapter, Version=10.0.0.0, Culture=neutral, PublicKeyToken=b03f5f7f11d50a3a" className="OdeToFood.Tests.Controllers.HomeControllerTest, OdeToFood.Tests, Version=1.0.0.0, Culture=neutral, PublicKeyToken=null" name="About" />
    </UnitTest>
    <UnitTest name="Puts_Message_In_View_Bag" storage="c:\exercises\mvc\mvc_3.0\odetofood\odetofood.tests\bin\debug\odetofood.tests.dll" id="77b5b880-69e5-6604-5df0-5ad97916b7c0">
      <Execution id="40bb7bc8-7133-40a9-b304-5eb272102f62" />
      <TestMethod codeBase="C:/Exercises/MVC/MVC_3.0/OdeToFood/OdeToFood.Tests/bin/Debug/OdeToFood.Tests.DLL" adapterTypeName="Microsoft.VisualStudio.TestTools.TestTypes.Unit.UnitTestAdapter, Microsoft.VisualStudio.QualityTools.Tips.UnitTest.Adapter, Version=10.0.0.0, Culture=neutral, PublicKeyToken=b03f5f7f11d50a3a" className="OdeToFood.Tests.Controllers.HomeControllerTest, OdeToFood.Tests, Version=1.0.0.0, Culture=neutral, PublicKeyToken=null" name="Puts_Message_In_View_Bag" />
    </UnitTest>
  </TestDefinitions>
  <TestLists>
    <TestList name="Results Not in a List" id="8c84fa94-04c1-424b-9868-57a2d4851a1d" />
    <TestList name="All Loaded Results" id="19431567-8539-422a-85d7-44ee4e166bda" />
  </TestLists>
  <TestEntries>
    <TestEntry testId="63556101-b6bd-1fd7-9e9c-28627f792b94" executionId="93b5a1f0-4732-4f15-aee0-b045029e85e6" testListId="8c84fa94-04c1-424b-9868-57a2d4851a1d" />
    <TestEntry testId="77b5b880-69e5-6604-5df0-5ad97916b7c0" executionId="40bb7bc8-7133-40a9-b304-5eb272102f62" testListId="8c84fa94-04c1-424b-9868-57a2d4851a1d" />
    <TestEntry testId="653a2c34-af22-d968-0820-3bd0b2574fa2" executionId="6d23b766-6ff8-4089-be3f-44dd74b6bf7e" testListId="8c84fa94-04c1-424b-9868-57a2d4851a1d" />
  </TestEntries>
  <Results>
    <UnitTestResult executionId="93b5a1f0-4732-4f15-aee0-b045029e85e6" testId="63556101-b6bd-1fd7-9e9c-28627f792b94" testName="Index" computerName="TEGRIT0048" duration="00:00:00.0266919" startTime="2015-05-21T16:40:38.3315385-04:00" endTime="2015-05-21T16:40:38.4485385-04:00" testType="13cdc9d9-ddb5-4fa4-a97d-d965ccfc6d4b" outcome="Passed" testListId="8c84fa94-04c1-424b-9868-57a2d4851a1d" relativeResultsDirectory="93b5a1f0-4732-4f15-aee0-b045029e85e6">
    </UnitTestResult>
    <UnitTestResult executionId="40bb7bc8-7133-40a9-b304-5eb272102f62" testId="77b5b880-69e5-6604-5df0-5ad97916b7c0" testName="Puts_Message_In_View_Bag" computerName="TEGRIT0048" duration="00:00:00.0117369" startTime="2015-05-21T16:40:38.4515385-04:00" endTime="2015-05-21T16:40:38.4645385-04:00" testType="13cdc9d9-ddb5-4fa4-a97d-d965ccfc6d4b" outcome="Failed" testListId="8c84fa94-04c1-424b-9868-57a2d4851a1d" relativeResultsDirectory="40bb7bc8-7133-40a9-b304-5eb272102f62">
      <Output>
        <ErrorInfo>
          <Message>Assert.AreEqual failed. Expected:&lt;Welcome to ASP.NET MVC!&gt;. Actual:&lt;(null)&gt;. </Message>
          <StackTrace>   at CallSite.Target(Closure , CallSite , Type , String , Object )
   at System.Dynamic.UpdateDelegates.UpdateAndExecuteVoid3[T0,T1,T2](CallSite site, T0 arg0, T1 arg1, T2 arg2)
   at OdeToFood.Tests.Controllers.HomeControllerTest.Puts_Message_In_View_Bag() in C:\Exercises\MVC\MVC_3.0\OdeToFood\OdeToFood.Tests\Controllers\HomeControllerTest.cs:line 25
</StackTrace>
        </ErrorInfo>
      </Output>
    </UnitTestResult>
    <UnitTestResult executionId="6d23b766-6ff8-4089-be3f-44dd74b6bf7e" testId="653a2c34-af22-d968-0820-3bd0b2574fa2" testName="About" computerName="TEGRIT0048" duration="00:00:00.0009405" startTime="2015-05-21T16:40:38.4665385-04:00" endTime="2015-05-21T16:40:38.4685385-04:00" testType="13cdc9d9-ddb5-4fa4-a97d-d965ccfc6d4b" outcome="Passed" testListId="8c84fa94-04c1-424b-9868-57a2d4851a1d" relativeResultsDirectory="6d23b766-6ff8-4089-be3f-44dd74b6bf7e">
    </UnitTestResult>
  </Results>
</TestRun>