<?xml version="1.0" encoding="UTF-8"?>
<TestRun id="77e056ca-017c-44a3-82af-d244a3917dc5" name="sheila.deskins@TEGRIT0048 2015-05-19 14:36:05" runUser="TEGRITSOLUTIONS\sheila.deskins" xmlns="http://microsoft.com/schemas/VisualStudio/TeamTest/2010">
  <TestSettings name="Default Test Settings" id="d987256a-658a-4675-861a-311b6bd2ad2d">
    <Deployment userDeploymentRoot="C:\Exercises\MVC\MVC_1.0\MVC01_TrainingVideo\Commerce.MVC\TestResults" useDefaultDeploymentRoot="false" runDeploymentRoot="sheila.deskins_TEGRIT0048 2015-05-19 14_36_05">
      <DeploymentItem filename="C:\Exercises\MVC\MVC_1.0\MVC01_TrainingVideo\Commerce.MVC\ClassLibrary2\bin\Debug\Commerce.MVC.Data.dll" />
      <DeploymentItem filename="C:\Exercises\MVC\MVC_1.0\MVC01_TrainingVideo\Commerce.MVC\Commerce.MVC\bin\Commerce.MVC.dll" />
    </Deployment>
    <Execution>
      <TestTypeSpecific />
      <AgentRule name="Execution Agents">
      </AgentRule>
    </Execution>
  </TestSettings>
  <Times creation="2015-05-19T14:36:05.4755855-04:00" queuing="2015-05-19T14:36:05.5345855-04:00" start="2015-05-19T14:36:05.5385855-04:00" finish="2015-05-19T14:36:05.6875855-04:00" />
  <ResultSummary outcome="Failed">
    <Counters total="2" executed="2" error="0" failed="2" timeout="0" aborted="0" inconclusive="0" passedButRunAborted="0" notRunnable="0" notExecuted="0" disconnected="0" warning="0" passed="0" completed="0" inProgress="0" pending="0" />
  </ResultSummary>
  <TestDefinitions>
    <UnitTest name="Product_Discount_Price_Is_Valid" storage="c:\exercises\mvc\mvc_1.0\mvc01_trainingvideo\commerce.mvc\commerce.mvc.tests\bin\debug\commerce.mvc.tests.dll" id="ddd4ab95-5d08-9020-c10a-d161d0d5eae5">
      <Execution id="c38bef80-2042-4ac9-98ec-545c4def6961" />
      <TestMethod codeBase="C:/Exercises/MVC/MVC_1.0/MVC01_TrainingVideo/Commerce.MVC/Commerce.MVC.Tests/bin/Debug/Commerce.MVC.Tests.DLL" adapterTypeName="Microsoft.VisualStudio.TestTools.TestTypes.Unit.UnitTestAdapter, Microsoft.VisualStudio.QualityTools.Tips.UnitTest.Adapter, Version=10.0.0.0, Culture=neutral, PublicKeyToken=b03f5f7f11d50a3a" className="Commerce.MVC.Tests.CatalogTests, Commerce.MVC.Tests, Version=1.0.0.0, Culture=neutral, PublicKeyToken=null" name="Product_Discount_Price_Is_Valid" />
    </UnitTest>
    <UnitTest name="Product_Discount_Amount_Is_Valid" storage="c:\exercises\mvc\mvc_1.0\mvc01_trainingvideo\commerce.mvc\commerce.mvc.tests\bin\debug\commerce.mvc.tests.dll" id="554f262a-ed3b-553b-fb57-1213c99f22bd">
      <Execution id="425534fc-ccfb-4f80-aed7-abd64ebda30e" />
      <TestMethod codeBase="C:/Exercises/MVC/MVC_1.0/MVC01_TrainingVideo/Commerce.MVC/Commerce.MVC.Tests/bin/Debug/Commerce.MVC.Tests.DLL" adapterTypeName="Microsoft.VisualStudio.TestTools.TestTypes.Unit.UnitTestAdapter, Microsoft.VisualStudio.QualityTools.Tips.UnitTest.Adapter, Version=10.0.0.0, Culture=neutral, PublicKeyToken=b03f5f7f11d50a3a" className="Commerce.MVC.Tests.CatalogTests, Commerce.MVC.Tests, Version=1.0.0.0, Culture=neutral, PublicKeyToken=null" name="Product_Discount_Amount_Is_Valid" />
    </UnitTest>
  </TestDefinitions>
  <TestLists>
    <TestList name="Results Not in a List" id="8c84fa94-04c1-424b-9868-57a2d4851a1d" />
    <TestList name="All Loaded Results" id="19431567-8539-422a-85d7-44ee4e166bda" />
  </TestLists>
  <TestEntries>
    <TestEntry testId="ddd4ab95-5d08-9020-c10a-d161d0d5eae5" executionId="c38bef80-2042-4ac9-98ec-545c4def6961" testListId="8c84fa94-04c1-424b-9868-57a2d4851a1d" />
    <TestEntry testId="554f262a-ed3b-553b-fb57-1213c99f22bd" executionId="425534fc-ccfb-4f80-aed7-abd64ebda30e" testListId="8c84fa94-04c1-424b-9868-57a2d4851a1d" />
  </TestEntries>
  <Results>
    <UnitTestResult executionId="c38bef80-2042-4ac9-98ec-545c4def6961" testId="ddd4ab95-5d08-9020-c10a-d161d0d5eae5" testName="Product_Discount_Price_Is_Valid" computerName="TEGRIT0048" duration="00:00:00.0199380" startTime="2015-05-19T14:36:05.5405855-04:00" endTime="2015-05-19T14:36:05.6695855-04:00" testType="13cdc9d9-ddb5-4fa4-a97d-d965ccfc6d4b" outcome="Failed" testListId="8c84fa94-04c1-424b-9868-57a2d4851a1d" relativeResultsDirectory="c38bef80-2042-4ac9-98ec-545c4def6961">
      <Output>
        <ErrorInfo>
          <Message>Test method Commerce.MVC.Tests.CatalogTests.Product_Discount_Price_Is_Valid threw exception: 
System.NotImplementedException: The method or operation is not implemented.</Message>
          <StackTrace>    at Commerce.MVC.Data.Product.get_DiscountPrice() in C:\Exercises\MVC\MVC_1.0\MVC01_TrainingVideo\Commerce.MVC\ClassLibrary2\Product.cs:line 33
   at Commerce.MVC.Tests.CatalogTests.Product_Discount_Price_Is_Valid() in C:\Exercises\MVC\MVC_1.0\MVC01_TrainingVideo\Commerce.MVC\Commerce.MVC.Tests\CatalogTests.cs:line 27
</StackTrace>
        </ErrorInfo>
      </Output>
    </UnitTestResult>
    <UnitTestResult executionId="425534fc-ccfb-4f80-aed7-abd64ebda30e" testId="554f262a-ed3b-553b-fb57-1213c99f22bd" testName="Product_Discount_Amount_Is_Valid" computerName="TEGRIT0048" duration="00:00:00.0035528" startTime="2015-05-19T14:36:05.6725855-04:00" endTime="2015-05-19T14:36:05.6785855-04:00" testType="13cdc9d9-ddb5-4fa4-a97d-d965ccfc6d4b" outcome="Failed" testListId="8c84fa94-04c1-424b-9868-57a2d4851a1d" relativeResultsDirectory="425534fc-ccfb-4f80-aed7-abd64ebda30e">
      <Output>
        <ErrorInfo>
          <Message>Assert.AreEqual failed. Expected:&lt;40&gt;. Actual:&lt;400000&gt;. </Message>
          <StackTrace>   at Commerce.MVC.Tests.CatalogTests.Product_Discount_Amount_Is_Valid() in C:\Exercises\MVC\MVC_1.0\MVC01_TrainingVideo\Commerce.MVC\Commerce.MVC.Tests\CatalogTests.cs:line 19
</StackTrace>
        </ErrorInfo>
      </Output>
    </UnitTestResult>
  </Results>
</TestRun>