<?xml version="1.0" encoding="UTF-8"?>
<TestRun id="53991aff-2008-4a94-b9dc-9b99d3817170" name="sheila.deskins@TEGRIT0048 2015-05-19 16:17:52" runUser="TEGRITSOLUTIONS\sheila.deskins" xmlns="http://microsoft.com/schemas/VisualStudio/TeamTest/2010">
  <TestSettings name="Default Test Settings" id="44efd1a2-0fe0-45e7-9cf2-a5c6037266b1">
    <Deployment runDeploymentRoot="sheila.deskins_TEGRIT0048 2015-05-19 16_17_52">
      <DeploymentItem filename="C:\Exercises\MVC\MVC_1.0\MVC01_TrainingVideo\Commerce.MVC\Commerce.MVC\bin\Commerce.MVC.dll" />
      <DeploymentItem filename="C:\Exercises\MVC\MVC_1.0\MVC01_TrainingVideo\Commerce.MVC\ClassLibrary2\bin\Debug\Commerce.MVC.Data.dll" />
      <DeploymentItem filename="C:\Exercises\MVC\MVC_1.0\MVC01_TrainingVideo\Commerce.MVC\ClassLibrary1\bin\Debug\Commerce.MVC.Services.dll" />
    </Deployment>
    <Execution>
      <TestTypeSpecific />
      <AgentRule name="Execution Agents">
      </AgentRule>
    </Execution>
  </TestSettings>
  <Times creation="2015-05-19T16:17:52.3495855-04:00" queuing="2015-05-19T16:17:53.2655855-04:00" start="2015-05-19T16:17:53.3645855-04:00" finish="2015-05-19T16:21:39.5205855-04:00" />
  <ResultSummary outcome="Error">
    <Counters total="9" executed="6" passed="5" error="0" failed="0" timeout="0" aborted="1" inconclusive="0" passedButRunAborted="0" notRunnable="0" notExecuted="3" disconnected="0" warning="0" completed="0" inProgress="0" pending="0" />
    <RunInfos>
      <RunInfo computerName="TEGRIT0048" outcome="Error" timestamp="2015-05-19T16:21:39.5195855-04:00">
        <Text>Test host process exited unexpectedly.</Text>
      </RunInfo>
    </RunInfos>
  </ResultSummary>
  <TestDefinitions>
    <UnitTest name="Product_Discount_Price_Is_Valid" storage="c:\exercises\mvc\mvc_1.0\mvc01_trainingvideo\commerce.mvc\commerce.mvc.tests\bin\debug\commerce.mvc.tests.dll" id="ddd4ab95-5d08-9020-c10a-d161d0d5eae5">
      <Execution id="373ee6d7-f359-416f-ad7c-07f42a05223c" />
      <TestMethod codeBase="C:/Exercises/MVC/MVC_1.0/MVC01_TrainingVideo/Commerce.MVC/Commerce.MVC.Tests/bin/Debug/Commerce.MVC.Tests.DLL" adapterTypeName="Microsoft.VisualStudio.TestTools.TestTypes.Unit.UnitTestAdapter, Microsoft.VisualStudio.QualityTools.Tips.UnitTest.Adapter, Version=10.0.0.0, Culture=neutral, PublicKeyToken=b03f5f7f11d50a3a" className="Commerce.MVC.Tests.CatalogTests, Commerce.MVC.Tests, Version=1.0.0.0, Culture=neutral, PublicKeyToken=null" name="Product_Discount_Price_Is_Valid" />
    </UnitTest>
    <UnitTest name="CatalogRespository_Respository_IsNotNull" storage="c:\exercises\mvc\mvc_1.0\mvc01_trainingvideo\commerce.mvc\commerce.mvc.tests\bin\debug\commerce.mvc.tests.dll" id="6c5d5ba2-725f-1add-322c-38f089eff964">
      <Execution id="715b99cb-3dbb-4a6a-8ef9-afe33745f672" />
      <TestMethod codeBase="C:/Exercises/MVC/MVC_1.0/MVC01_TrainingVideo/Commerce.MVC/Commerce.MVC.Tests/bin/Debug/Commerce.MVC.Tests.DLL" adapterTypeName="Microsoft.VisualStudio.TestTools.TestTypes.Unit.UnitTestAdapter, Microsoft.VisualStudio.QualityTools.Tips.UnitTest.Adapter, Version=10.0.0.0, Culture=neutral, PublicKeyToken=b03f5f7f11d50a3a" className="Commerce.MVC.Tests.CatalogTests, Commerce.MVC.Tests, Version=1.0.0.0, Culture=neutral, PublicKeyToken=null" name="CatalogRespository_Respository_IsNotNull" />
    </UnitTest>
    <UnitTest name="CatalogRepository_Each_Category_Contain_5_Products" storage="c:\exercises\mvc\mvc_1.0\mvc01_trainingvideo\commerce.mvc\commerce.mvc.tests\bin\debug\commerce.mvc.tests.dll" id="9d682666-04c0-4fe7-48d2-3044ecb03f51">
      <Execution id="11ab76eb-d876-48c0-a9b6-76da5599ed70" />
      <TestMethod codeBase="C:/Exercises/MVC/MVC_1.0/MVC01_TrainingVideo/Commerce.MVC/Commerce.MVC.Tests/bin/Debug/Commerce.MVC.Tests.DLL" adapterTypeName="Microsoft.VisualStudio.TestTools.TestTypes.Unit.UnitTestAdapter, Microsoft.VisualStudio.QualityTools.Tips.UnitTest.Adapter, Version=10.0.0.0, Culture=neutral, PublicKeyToken=b03f5f7f11d50a3a" className="Commerce.MVC.Tests.CatalogTests, Commerce.MVC.Tests, Version=1.0.0.0, Culture=neutral, PublicKeyToken=null" name="CatalogRepository_Each_Category_Contain_5_Products" />
    </UnitTest>
    <UnitTest name="CatalogRepository_Contains_Products" storage="c:\exercises\mvc\mvc_1.0\mvc01_trainingvideo\commerce.mvc\commerce.mvc.tests\bin\debug\commerce.mvc.tests.dll" id="8abe6c3c-c866-bd43-9abc-228b0143a4f9">
      <Execution id="a1f615c0-6a20-4bda-ac26-2f4ceb8157d2" />
      <TestMethod codeBase="C:/Exercises/MVC/MVC_1.0/MVC01_TrainingVideo/Commerce.MVC/Commerce.MVC.Tests/bin/Debug/Commerce.MVC.Tests.DLL" adapterTypeName="Microsoft.VisualStudio.TestTools.TestTypes.Unit.UnitTestAdapter, Microsoft.VisualStudio.QualityTools.Tips.UnitTest.Adapter, Version=10.0.0.0, Culture=neutral, PublicKeyToken=b03f5f7f11d50a3a" className="Commerce.MVC.Tests.CatalogTests, Commerce.MVC.Tests, Version=1.0.0.0, Culture=neutral, PublicKeyToken=null" name="CatalogRepository_Contains_Products" />
    </UnitTest>
    <UnitTest name="CatalogService_Can_Group_ParentCategories" storage="c:\exercises\mvc\mvc_1.0\mvc01_trainingvideo\commerce.mvc\commerce.mvc.tests\bin\debug\commerce.mvc.tests.dll" id="4027e48d-36d2-cdbb-23cd-9ef9c383eb3f">
      <Execution id="8ddeef64-fae4-4cc9-8abf-f1b83d463cf0" />
      <TestMethod codeBase="C:/Exercises/MVC/MVC_1.0/MVC01_TrainingVideo/Commerce.MVC/Commerce.MVC.Tests/bin/Debug/Commerce.MVC.Tests.DLL" adapterTypeName="Microsoft.VisualStudio.TestTools.TestTypes.Unit.UnitTestAdapter, Microsoft.VisualStudio.QualityTools.Tips.UnitTest.Adapter, Version=10.0.0.0, Culture=neutral, PublicKeyToken=b03f5f7f11d50a3a" className="Commerce.MVC.Tests.CatalogTests, Commerce.MVC.Tests, Version=1.0.0.0, Culture=neutral, PublicKeyToken=null" name="CatalogService_Can_Group_ParentCategories" />
    </UnitTest>
    <UnitTest name="Product_ShouldHave_Name_Description_Category_Price_Discount_Fields" storage="c:\exercises\mvc\mvc_1.0\mvc01_trainingvideo\commerce.mvc\commerce.mvc.tests\bin\debug\commerce.mvc.tests.dll" id="980ea060-3f31-def4-4ed9-20ea00bf10a5">
      <Execution id="82be74fc-fea3-4790-84a9-d1f41ff506a1" />
      <TestMethod codeBase="C:/Exercises/MVC/MVC_1.0/MVC01_TrainingVideo/Commerce.MVC/Commerce.MVC.Tests/bin/Debug/Commerce.MVC.Tests.DLL" adapterTypeName="Microsoft.VisualStudio.TestTools.TestTypes.Unit.UnitTestAdapter, Microsoft.VisualStudio.QualityTools.Tips.UnitTest.Adapter, Version=10.0.0.0, Culture=neutral, PublicKeyToken=b03f5f7f11d50a3a" className="Commerce.MVC.Tests.CatalogTests, Commerce.MVC.Tests, Version=1.0.0.0, Culture=neutral, PublicKeyToken=null" name="Product_ShouldHave_Name_Description_Category_Price_Discount_Fields" />
    </UnitTest>
    <UnitTest name="CatalogService_Can_Get_Categories_From_Service" storage="c:\exercises\mvc\mvc_1.0\mvc01_trainingvideo\commerce.mvc\commerce.mvc.tests\bin\debug\commerce.mvc.tests.dll" id="afe3af13-837e-1542-131e-bf3718b85b8c">
      <Execution id="45eb848f-d814-44ce-b238-b9ba047a4083" />
      <TestMethod codeBase="C:/Exercises/MVC/MVC_1.0/MVC01_TrainingVideo/Commerce.MVC/Commerce.MVC.Tests/bin/Debug/Commerce.MVC.Tests.DLL" adapterTypeName="Microsoft.VisualStudio.TestTools.TestTypes.Unit.UnitTestAdapter, Microsoft.VisualStudio.QualityTools.Tips.UnitTest.Adapter, Version=10.0.0.0, Culture=neutral, PublicKeyToken=b03f5f7f11d50a3a" className="Commerce.MVC.Tests.CatalogTests, Commerce.MVC.Tests, Version=1.0.0.0, Culture=neutral, PublicKeyToken=null" name="CatalogService_Can_Get_Categories_From_Service" />
    </UnitTest>
    <UnitTest name="Product_Discount_Amount_Is_Valid" storage="c:\exercises\mvc\mvc_1.0\mvc01_trainingvideo\commerce.mvc\commerce.mvc.tests\bin\debug\commerce.mvc.tests.dll" id="554f262a-ed3b-553b-fb57-1213c99f22bd">
      <Execution id="bb517824-99c7-4859-aa86-5cea3756d253" />
      <TestMethod codeBase="C:/Exercises/MVC/MVC_1.0/MVC01_TrainingVideo/Commerce.MVC/Commerce.MVC.Tests/bin/Debug/Commerce.MVC.Tests.DLL" adapterTypeName="Microsoft.VisualStudio.TestTools.TestTypes.Unit.UnitTestAdapter, Microsoft.VisualStudio.QualityTools.Tips.UnitTest.Adapter, Version=10.0.0.0, Culture=neutral, PublicKeyToken=b03f5f7f11d50a3a" className="Commerce.MVC.Tests.CatalogTests, Commerce.MVC.Tests, Version=1.0.0.0, Culture=neutral, PublicKeyToken=null" name="Product_Discount_Amount_Is_Valid" />
    </UnitTest>
    <UnitTest name="CatalogService_Can_Group_SubCategories" storage="c:\exercises\mvc\mvc_1.0\mvc01_trainingvideo\commerce.mvc\commerce.mvc.tests\bin\debug\commerce.mvc.tests.dll" id="e8f411e5-c146-f581-aad7-846708ac4f5f">
      <Execution id="e918212e-0ddb-430a-88d7-c493c1365ec5" />
      <TestMethod codeBase="C:/Exercises/MVC/MVC_1.0/MVC01_TrainingVideo/Commerce.MVC/Commerce.MVC.Tests/bin/Debug/Commerce.MVC.Tests.DLL" adapterTypeName="Microsoft.VisualStudio.TestTools.TestTypes.Unit.UnitTestAdapter, Microsoft.VisualStudio.QualityTools.Tips.UnitTest.Adapter, Version=10.0.0.0, Culture=neutral, PublicKeyToken=b03f5f7f11d50a3a" className="Commerce.MVC.Tests.CatalogTests, Commerce.MVC.Tests, Version=1.0.0.0, Culture=neutral, PublicKeyToken=null" name="CatalogService_Can_Group_SubCategories" />
    </UnitTest>
  </TestDefinitions>
  <TestLists>
    <TestList name="Results Not in a List" id="8c84fa94-04c1-424b-9868-57a2d4851a1d" />
    <TestList name="All Loaded Results" id="19431567-8539-422a-85d7-44ee4e166bda" />
  </TestLists>
  <TestEntries>
    <TestEntry testId="4027e48d-36d2-cdbb-23cd-9ef9c383eb3f" executionId="8ddeef64-fae4-4cc9-8abf-f1b83d463cf0" testListId="8c84fa94-04c1-424b-9868-57a2d4851a1d" />
    <TestEntry testId="554f262a-ed3b-553b-fb57-1213c99f22bd" executionId="bb517824-99c7-4859-aa86-5cea3756d253" testListId="8c84fa94-04c1-424b-9868-57a2d4851a1d" />
    <TestEntry testId="6c5d5ba2-725f-1add-322c-38f089eff964" executionId="715b99cb-3dbb-4a6a-8ef9-afe33745f672" testListId="8c84fa94-04c1-424b-9868-57a2d4851a1d" />
    <TestEntry testId="8abe6c3c-c866-bd43-9abc-228b0143a4f9" executionId="a1f615c0-6a20-4bda-ac26-2f4ceb8157d2" testListId="8c84fa94-04c1-424b-9868-57a2d4851a1d" />
    <TestEntry testId="980ea060-3f31-def4-4ed9-20ea00bf10a5" executionId="82be74fc-fea3-4790-84a9-d1f41ff506a1" testListId="8c84fa94-04c1-424b-9868-57a2d4851a1d" />
    <TestEntry testId="9d682666-04c0-4fe7-48d2-3044ecb03f51" executionId="11ab76eb-d876-48c0-a9b6-76da5599ed70" testListId="8c84fa94-04c1-424b-9868-57a2d4851a1d" />
    <TestEntry testId="afe3af13-837e-1542-131e-bf3718b85b8c" executionId="45eb848f-d814-44ce-b238-b9ba047a4083" testListId="8c84fa94-04c1-424b-9868-57a2d4851a1d" />
    <TestEntry testId="ddd4ab95-5d08-9020-c10a-d161d0d5eae5" executionId="373ee6d7-f359-416f-ad7c-07f42a05223c" testListId="8c84fa94-04c1-424b-9868-57a2d4851a1d" />
    <TestEntry testId="e8f411e5-c146-f581-aad7-846708ac4f5f" executionId="e918212e-0ddb-430a-88d7-c493c1365ec5" testListId="8c84fa94-04c1-424b-9868-57a2d4851a1d" />
  </TestEntries>
  <Results>
    <UnitTestResult executionId="8ddeef64-fae4-4cc9-8abf-f1b83d463cf0" testId="4027e48d-36d2-cdbb-23cd-9ef9c383eb3f" testName="CatalogService_Can_Group_ParentCategories" computerName="TEGRIT0048" duration="00:00:12.4352728" startTime="2015-05-19T16:17:53.4935855-04:00" endTime="2015-05-19T16:18:06.9715855-04:00" testType="13cdc9d9-ddb5-4fa4-a97d-d965ccfc6d4b" outcome="Passed" testListId="8c84fa94-04c1-424b-9868-57a2d4851a1d" relativeResultsDirectory="8ddeef64-fae4-4cc9-8abf-f1b83d463cf0">
    </UnitTestResult>
    <UnitTestResult executionId="bb517824-99c7-4859-aa86-5cea3756d253" testId="554f262a-ed3b-553b-fb57-1213c99f22bd" testName="Product_Discount_Amount_Is_Valid" computerName="TEGRIT0048" duration="00:00:00.0012601" startTime="2015-05-19T16:18:06.9775855-04:00" endTime="2015-05-19T16:18:06.9805855-04:00" testType="13cdc9d9-ddb5-4fa4-a97d-d965ccfc6d4b" outcome="Passed" testListId="8c84fa94-04c1-424b-9868-57a2d4851a1d" relativeResultsDirectory="bb517824-99c7-4859-aa86-5cea3756d253">
    </UnitTestResult>
    <UnitTestResult executionId="715b99cb-3dbb-4a6a-8ef9-afe33745f672" testId="6c5d5ba2-725f-1add-322c-38f089eff964" testName="CatalogRespository_Respository_IsNotNull" computerName="TEGRIT0048" duration="00:00:00.0001499" startTime="2015-05-19T16:18:06.9905855-04:00" endTime="2015-05-19T16:18:06.9935855-04:00" testType="13cdc9d9-ddb5-4fa4-a97d-d965ccfc6d4b" outcome="Passed" testListId="8c84fa94-04c1-424b-9868-57a2d4851a1d" relativeResultsDirectory="715b99cb-3dbb-4a6a-8ef9-afe33745f672">
    </UnitTestResult>
    <UnitTestResult executionId="a1f615c0-6a20-4bda-ac26-2f4ceb8157d2" testId="8abe6c3c-c866-bd43-9abc-228b0143a4f9" testName="CatalogRepository_Contains_Products" computerName="TEGRIT0048" duration="00:01:01.4398021" startTime="2015-05-19T16:18:07.0215855-04:00" endTime="2015-05-19T16:19:08.4635855-04:00" testType="13cdc9d9-ddb5-4fa4-a97d-d965ccfc6d4b" outcome="Passed" testListId="8c84fa94-04c1-424b-9868-57a2d4851a1d" relativeResultsDirectory="a1f615c0-6a20-4bda-ac26-2f4ceb8157d2">
    </UnitTestResult>
    <UnitTestResult executionId="82be74fc-fea3-4790-84a9-d1f41ff506a1" testId="980ea060-3f31-def4-4ed9-20ea00bf10a5" testName="Product_ShouldHave_Name_Description_Category_Price_Discount_Fields" computerName="TEGRIT0048" duration="00:00:00.0005043" startTime="2015-05-19T16:19:08.4915855-04:00" endTime="2015-05-19T16:19:08.4945855-04:00" testType="13cdc9d9-ddb5-4fa4-a97d-d965ccfc6d4b" outcome="Passed" testListId="8c84fa94-04c1-424b-9868-57a2d4851a1d" relativeResultsDirectory="82be74fc-fea3-4790-84a9-d1f41ff506a1">
    </UnitTestResult>
    <UnitTestResult executionId="11ab76eb-d876-48c0-a9b6-76da5599ed70" testId="9d682666-04c0-4fe7-48d2-3044ecb03f51" testName="CatalogRepository_Each_Category_Contain_5_Products" computerName="TEGRIT0048" duration="00:02:31.0190000" startTime="2015-05-19T16:19:08.5015855-04:00" endTime="2015-05-19T16:21:39.5205855-04:00" testType="13cdc9d9-ddb5-4fa4-a97d-d965ccfc6d4b" outcome="Aborted" testListId="8c84fa94-04c1-424b-9868-57a2d4851a1d" relativeResultsDirectory="11ab76eb-d876-48c0-a9b6-76da5599ed70">
    </UnitTestResult>
    <UnitTestResult executionId="45eb848f-d814-44ce-b238-b9ba047a4083" testId="afe3af13-837e-1542-131e-bf3718b85b8c" testName="CatalogService_Can_Get_Categories_From_Service" computerName="TEGRIT0048" testType="13cdc9d9-ddb5-4fa4-a97d-d965ccfc6d4b" outcome="NotExecuted" testListId="8c84fa94-04c1-424b-9868-57a2d4851a1d" relativeResultsDirectory="45eb848f-d814-44ce-b238-b9ba047a4083">
    </UnitTestResult>
    <UnitTestResult executionId="373ee6d7-f359-416f-ad7c-07f42a05223c" testId="ddd4ab95-5d08-9020-c10a-d161d0d5eae5" testName="Product_Discount_Price_Is_Valid" computerName="TEGRIT0048" testType="13cdc9d9-ddb5-4fa4-a97d-d965ccfc6d4b" outcome="NotExecuted" testListId="8c84fa94-04c1-424b-9868-57a2d4851a1d" relativeResultsDirectory="373ee6d7-f359-416f-ad7c-07f42a05223c">
    </UnitTestResult>
    <UnitTestResult executionId="e918212e-0ddb-430a-88d7-c493c1365ec5" testId="e8f411e5-c146-f581-aad7-846708ac4f5f" testName="CatalogService_Can_Group_SubCategories" computerName="TEGRIT0048" testType="13cdc9d9-ddb5-4fa4-a97d-d965ccfc6d4b" outcome="NotExecuted" testListId="8c84fa94-04c1-424b-9868-57a2d4851a1d" relativeResultsDirectory="e918212e-0ddb-430a-88d7-c493c1365ec5">
    </UnitTestResult>
  </Results>
</TestRun>