<?xml version="1.0" encoding="UTF-8"?>
<TestRun id="11276db0-f911-4492-9ba3-baa95925d10e" name="sheila.deskins@TEGRIT0048 2015-05-19 15:25:17" runUser="TEGRITSOLUTIONS\sheila.deskins" xmlns="http://microsoft.com/schemas/VisualStudio/TeamTest/2010">
  <TestSettings name="Default Test Settings" id="c73c0d86-3c92-45e4-b1da-11fe279e1393">
    <Deployment userDeploymentRoot="C:\Exercises\MVC\MVC_1.0\MVC01_TrainingVideo\Commerce.MVC\TestResults" useDefaultDeploymentRoot="false" runDeploymentRoot="sheila.deskins_TEGRIT0048 2015-05-19 15_25_17">
      <DeploymentItem filename="C:\Exercises\MVC\MVC_1.0\MVC01_TrainingVideo\Commerce.MVC\Commerce.MVC\bin\Commerce.MVC.dll" />
      <DeploymentItem filename="C:\Exercises\MVC\MVC_1.0\MVC01_TrainingVideo\Commerce.MVC\ClassLibrary2\bin\Debug\Commerce.MVC.Data.dll" />
      <DeploymentItem filename="C:\Exercises\MVC\MVC_1.0\MVC01_TrainingVideo\Commerce.MVC\ClassLibrary1\bin\Debug\Commerce.MVC.Services.dll" />
    </Deployment>
    <Execution>
      <TestTypeSpecific />
      <AgentRule name="Execution Agents">
      </AgentRule>
    </Execution>
  </TestSettings>
  <Times creation="2015-05-19T15:25:17.5885855-04:00" queuing="2015-05-19T15:25:17.6555855-04:00" start="2015-05-19T15:25:17.6585855-04:00" finish="2015-05-19T15:25:17.8305855-04:00" />
  <ResultSummary outcome="Failed">
    <Counters total="1" executed="1" error="0" failed="1" timeout="0" aborted="0" inconclusive="0" passedButRunAborted="0" notRunnable="0" notExecuted="0" disconnected="0" warning="0" passed="0" completed="0" inProgress="0" pending="0" />
  </ResultSummary>
  <TestDefinitions>
    <UnitTest name="CatalogService_Can_Group_ParentCategories" storage="c:\exercises\mvc\mvc_1.0\mvc01_trainingvideo\commerce.mvc\commerce.mvc.tests\bin\debug\commerce.mvc.tests.dll" id="4027e48d-36d2-cdbb-23cd-9ef9c383eb3f">
      <Execution id="2fa02b49-77d3-45d9-bb3d-6f3455829aec" />
      <TestMethod codeBase="C:/Exercises/MVC/MVC_1.0/MVC01_TrainingVideo/Commerce.MVC/Commerce.MVC.Tests/bin/Debug/Commerce.MVC.Tests.DLL" adapterTypeName="Microsoft.VisualStudio.TestTools.TestTypes.Unit.UnitTestAdapter, Microsoft.VisualStudio.QualityTools.Tips.UnitTest.Adapter, Version=10.0.0.0, Culture=neutral, PublicKeyToken=b03f5f7f11d50a3a" className="Commerce.MVC.Tests.CatalogTests, Commerce.MVC.Tests, Version=1.0.0.0, Culture=neutral, PublicKeyToken=null" name="CatalogService_Can_Group_ParentCategories" />
    </UnitTest>
  </TestDefinitions>
  <TestLists>
    <TestList name="Results Not in a List" id="8c84fa94-04c1-424b-9868-57a2d4851a1d" />
    <TestList name="All Loaded Results" id="19431567-8539-422a-85d7-44ee4e166bda" />
  </TestLists>
  <TestEntries>
    <TestEntry testId="4027e48d-36d2-cdbb-23cd-9ef9c383eb3f" executionId="2fa02b49-77d3-45d9-bb3d-6f3455829aec" testListId="8c84fa94-04c1-424b-9868-57a2d4851a1d" />
  </TestEntries>
  <Results>
    <UnitTestResult executionId="2fa02b49-77d3-45d9-bb3d-6f3455829aec" testId="4027e48d-36d2-cdbb-23cd-9ef9c383eb3f" testName="CatalogService_Can_Group_ParentCategories" computerName="TEGRIT0048" duration="00:00:00.0199614" startTime="2015-05-19T15:25:17.6615855-04:00" endTime="2015-05-19T15:25:17.8195855-04:00" testType="13cdc9d9-ddb5-4fa4-a97d-d965ccfc6d4b" outcome="Failed" testListId="8c84fa94-04c1-424b-9868-57a2d4851a1d" relativeResultsDirectory="2fa02b49-77d3-45d9-bb3d-6f3455829aec">
      <Output>
        <ErrorInfo>
          <Message>Assert.AreEqual failed. Expected:&lt;2&gt;. Actual:&lt;0&gt;. </Message>
          <StackTrace>   at Commerce.MVC.Tests.CatalogTests.CatalogService_Can_Group_ParentCategories() in C:\Exercises\MVC\MVC_1.0\MVC01_TrainingVideo\Commerce.MVC\Commerce.MVC.Tests\CatalogTests.cs:line 59
</StackTrace>
        </ErrorInfo>
      </Output>
    </UnitTestResult>
  </Results>
</TestRun>