<?xml version="1.0" encoding="UTF-8"?>
<TestRun id="a9f13a72-f00d-4e63-b2aa-e7d10d289cc9" name="sheila.deskins@TEGRIT0048 2015-05-19 17:21:03" runUser="TEGRITSOLUTIONS\sheila.deskins" xmlns="http://microsoft.com/schemas/VisualStudio/TeamTest/2010">
  <TestSettings name="Default Test Settings" id="28db513f-420a-476c-8375-af0f83d0eddd">
    <Deployment runDeploymentRoot="sheila.deskins_TEGRIT0048 2015-05-19 17_21_03">
      <DeploymentItem filename="C:\Exercises\MVC\MVC_1.0\MVC01_TrainingVideo\Commerce.MVC\Commerce.MVC\bin\Commerce.MVC.dll" />
      <DeploymentItem filename="C:\Exercises\MVC\MVC_1.0\MVC01_TrainingVideo\Commerce.MVC\ClassLibrary2\bin\Debug\Commerce.MVC.Data.dll" />
      <DeploymentItem filename="C:\Exercises\MVC\MVC_1.0\MVC01_TrainingVideo\Commerce.MVC\ClassLibrary1\bin\Debug\Commerce.MVC.Services.dll" />
    </Deployment>
    <Execution>
      <TestTypeSpecific />
      <AgentRule name="Execution Agents">
      </AgentRule>
    </Execution>
  </TestSettings>
  <Times creation="2015-05-19T17:21:03.1765855-04:00" queuing="2015-05-19T17:21:03.9335855-04:00" start="2015-05-19T17:21:03.9875855-04:00" finish="2015-05-19T17:21:09.4765855-04:00" />
  <ResultSummary outcome="Failed">
    <Counters total="14" executed="14" passed="11" error="0" failed="3" timeout="0" aborted="0" inconclusive="0" passedButRunAborted="0" notRunnable="0" notExecuted="0" disconnected="0" warning="0" completed="0" inProgress="0" pending="0" />
  </ResultSummary>
  <TestDefinitions>
    <UnitTest name="Repository_has_Category_Filter_For_Products" storage="c:\exercises\mvc\mvc_1.0\mvc01_trainingvideo\commerce.mvc\commerce.mvc.tests\bin\debug\commerce.mvc.tests.dll" id="5b0d6551-0c5f-0335-715b-4eb0c6964c96">
      <Execution id="9a346a01-ff2a-473c-b72f-d9c4b96eca8a" />
      <TestMethod codeBase="C:/Exercises/MVC/MVC_1.0/MVC01_TrainingVideo/Commerce.MVC/Commerce.MVC.Tests/bin/Debug/Commerce.MVC.Tests.DLL" adapterTypeName="Microsoft.VisualStudio.TestTools.TestTypes.Unit.UnitTestAdapter, Microsoft.VisualStudio.QualityTools.Tips.UnitTest.Adapter, Version=10.0.0.0, Culture=neutral, PublicKeyToken=b03f5f7f11d50a3a" className="Commerce.MVC.Tests.CatalogTests, Commerce.MVC.Tests, Version=1.0.0.0, Culture=neutral, PublicKeyToken=null" name="Repository_has_Category_Filter_For_Products" />
    </UnitTest>
    <UnitTest name="Product_Discount_Amount_Is_Valid" storage="c:\exercises\mvc\mvc_1.0\mvc01_trainingvideo\commerce.mvc\commerce.mvc.tests\bin\debug\commerce.mvc.tests.dll" id="554f262a-ed3b-553b-fb57-1213c99f22bd">
      <Execution id="ae615db7-e760-42ad-938c-b011a328b764" />
      <TestMethod codeBase="C:/Exercises/MVC/MVC_1.0/MVC01_TrainingVideo/Commerce.MVC/Commerce.MVC.Tests/bin/Debug/Commerce.MVC.Tests.DLL" adapterTypeName="Microsoft.VisualStudio.TestTools.TestTypes.Unit.UnitTestAdapter, Microsoft.VisualStudio.QualityTools.Tips.UnitTest.Adapter, Version=10.0.0.0, Culture=neutral, PublicKeyToken=b03f5f7f11d50a3a" className="Commerce.MVC.Tests.CatalogTests, Commerce.MVC.Tests, Version=1.0.0.0, Culture=neutral, PublicKeyToken=null" name="Product_Discount_Amount_Is_Valid" />
    </UnitTest>
    <UnitTest name="Repository_ProductFilter_Returns_5_Products_Wtih_Category_11" storage="c:\exercises\mvc\mvc_1.0\mvc01_trainingvideo\commerce.mvc\commerce.mvc.tests\bin\debug\commerce.mvc.tests.dll" id="37fc31cd-daa3-d9b9-f32a-811f8af9e708">
      <Execution id="bfb81c2b-adea-4c6c-9b8f-2eb2030e0784" />
      <TestMethod codeBase="C:/Exercises/MVC/MVC_1.0/MVC01_TrainingVideo/Commerce.MVC/Commerce.MVC.Tests/bin/Debug/Commerce.MVC.Tests.DLL" adapterTypeName="Microsoft.VisualStudio.TestTools.TestTypes.Unit.UnitTestAdapter, Microsoft.VisualStudio.QualityTools.Tips.UnitTest.Adapter, Version=10.0.0.0, Culture=neutral, PublicKeyToken=b03f5f7f11d50a3a" className="Commerce.MVC.Tests.CatalogTests, Commerce.MVC.Tests, Version=1.0.0.0, Culture=neutral, PublicKeyToken=null" name="Repository_ProductFilter_Returns_5_Products_Wtih_Category_11" />
    </UnitTest>
    <UnitTest name="Service_Returns_Single_Product_When_Filtered_ByID_1" storage="c:\exercises\mvc\mvc_1.0\mvc01_trainingvideo\commerce.mvc\commerce.mvc.tests\bin\debug\commerce.mvc.tests.dll" id="ea0df013-1d99-4a2d-8a2e-8ea3ecd54339">
      <Execution id="3b665779-781f-4360-9b74-e891ffb561fe" />
      <TestMethod codeBase="C:/Exercises/MVC/MVC_1.0/MVC01_TrainingVideo/Commerce.MVC/Commerce.MVC.Tests/bin/Debug/Commerce.MVC.Tests.DLL" adapterTypeName="Microsoft.VisualStudio.TestTools.TestTypes.Unit.UnitTestAdapter, Microsoft.VisualStudio.QualityTools.Tips.UnitTest.Adapter, Version=10.0.0.0, Culture=neutral, PublicKeyToken=b03f5f7f11d50a3a" className="Commerce.MVC.Tests.CatalogTests, Commerce.MVC.Tests, Version=1.0.0.0, Culture=neutral, PublicKeyToken=null" name="Service_Returns_Single_Product_When_Filtered_ByID_1" />
    </UnitTest>
    <UnitTest name="Product_Discount_Price_Is_Valid" storage="c:\exercises\mvc\mvc_1.0\mvc01_trainingvideo\commerce.mvc\commerce.mvc.tests\bin\debug\commerce.mvc.tests.dll" id="ddd4ab95-5d08-9020-c10a-d161d0d5eae5">
      <Execution id="33435578-fff4-41ba-ba66-86108fe32a2b" />
      <TestMethod codeBase="C:/Exercises/MVC/MVC_1.0/MVC01_TrainingVideo/Commerce.MVC/Commerce.MVC.Tests/bin/Debug/Commerce.MVC.Tests.DLL" adapterTypeName="Microsoft.VisualStudio.TestTools.TestTypes.Unit.UnitTestAdapter, Microsoft.VisualStudio.QualityTools.Tips.UnitTest.Adapter, Version=10.0.0.0, Culture=neutral, PublicKeyToken=b03f5f7f11d50a3a" className="Commerce.MVC.Tests.CatalogTests, Commerce.MVC.Tests, Version=1.0.0.0, Culture=neutral, PublicKeyToken=null" name="Product_Discount_Price_Is_Valid" />
    </UnitTest>
    <UnitTest name="CatalogRespository_Respository_IsNotNull" storage="c:\exercises\mvc\mvc_1.0\mvc01_trainingvideo\commerce.mvc\commerce.mvc.tests\bin\debug\commerce.mvc.tests.dll" id="6c5d5ba2-725f-1add-322c-38f089eff964">
      <Execution id="5aeb7cff-5f98-4628-8842-3bbf8cc61480" />
      <TestMethod codeBase="C:/Exercises/MVC/MVC_1.0/MVC01_TrainingVideo/Commerce.MVC/Commerce.MVC.Tests/bin/Debug/Commerce.MVC.Tests.DLL" adapterTypeName="Microsoft.VisualStudio.TestTools.TestTypes.Unit.UnitTestAdapter, Microsoft.VisualStudio.QualityTools.Tips.UnitTest.Adapter, Version=10.0.0.0, Culture=neutral, PublicKeyToken=b03f5f7f11d50a3a" className="Commerce.MVC.Tests.CatalogTests, Commerce.MVC.Tests, Version=1.0.0.0, Culture=neutral, PublicKeyToken=null" name="CatalogRespository_Respository_IsNotNull" />
    </UnitTest>
    <UnitTest name="CatalogService_Returns_5_Products_Wtih_Category_11" storage="c:\exercises\mvc\mvc_1.0\mvc01_trainingvideo\commerce.mvc\commerce.mvc.tests\bin\debug\commerce.mvc.tests.dll" id="9a40eff0-e98c-4b50-9f1d-e4958d92a7f0">
      <Execution id="48754971-05fe-402e-b6c9-798e84ede8a6" />
      <TestMethod codeBase="C:/Exercises/MVC/MVC_1.0/MVC01_TrainingVideo/Commerce.MVC/Commerce.MVC.Tests/bin/Debug/Commerce.MVC.Tests.DLL" adapterTypeName="Microsoft.VisualStudio.TestTools.TestTypes.Unit.UnitTestAdapter, Microsoft.VisualStudio.QualityTools.Tips.UnitTest.Adapter, Version=10.0.0.0, Culture=neutral, PublicKeyToken=b03f5f7f11d50a3a" className="Commerce.MVC.Tests.CatalogTests, Commerce.MVC.Tests, Version=1.0.0.0, Culture=neutral, PublicKeyToken=null" name="CatalogService_Returns_5_Products_Wtih_Category_11" />
    </UnitTest>
    <UnitTest name="Repository_Returns_Single_Product_When_Filtered_ByID_1" storage="c:\exercises\mvc\mvc_1.0\mvc01_trainingvideo\commerce.mvc\commerce.mvc.tests\bin\debug\commerce.mvc.tests.dll" id="1f0b25a7-09ff-1f7e-fd8a-049c06c424f3">
      <Execution id="e32ca03b-7e51-4657-9970-c1e863388bdb" />
      <TestMethod codeBase="C:/Exercises/MVC/MVC_1.0/MVC01_TrainingVideo/Commerce.MVC/Commerce.MVC.Tests/bin/Debug/Commerce.MVC.Tests.DLL" adapterTypeName="Microsoft.VisualStudio.TestTools.TestTypes.Unit.UnitTestAdapter, Microsoft.VisualStudio.QualityTools.Tips.UnitTest.Adapter, Version=10.0.0.0, Culture=neutral, PublicKeyToken=b03f5f7f11d50a3a" className="Commerce.MVC.Tests.CatalogTests, Commerce.MVC.Tests, Version=1.0.0.0, Culture=neutral, PublicKeyToken=null" name="Repository_Returns_Single_Product_When_Filtered_ByID_1" />
    </UnitTest>
    <UnitTest name="CatalogService_Can_Group_ParentCategories" storage="c:\exercises\mvc\mvc_1.0\mvc01_trainingvideo\commerce.mvc\commerce.mvc.tests\bin\debug\commerce.mvc.tests.dll" id="4027e48d-36d2-cdbb-23cd-9ef9c383eb3f">
      <Execution id="dee0ca7b-05ab-4cbc-bfe2-083b18dc6248" />
      <TestMethod codeBase="C:/Exercises/MVC/MVC_1.0/MVC01_TrainingVideo/Commerce.MVC/Commerce.MVC.Tests/bin/Debug/Commerce.MVC.Tests.DLL" adapterTypeName="Microsoft.VisualStudio.TestTools.TestTypes.Unit.UnitTestAdapter, Microsoft.VisualStudio.QualityTools.Tips.UnitTest.Adapter, Version=10.0.0.0, Culture=neutral, PublicKeyToken=b03f5f7f11d50a3a" className="Commerce.MVC.Tests.CatalogTests, Commerce.MVC.Tests, Version=1.0.0.0, Culture=neutral, PublicKeyToken=null" name="CatalogService_Can_Group_ParentCategories" />
    </UnitTest>
    <UnitTest name="CatalogService_Can_Group_SubCategories" storage="c:\exercises\mvc\mvc_1.0\mvc01_trainingvideo\commerce.mvc\commerce.mvc.tests\bin\debug\commerce.mvc.tests.dll" id="e8f411e5-c146-f581-aad7-846708ac4f5f">
      <Execution id="c12c6606-4ae9-487f-92d8-94865484fad2" />
      <TestMethod codeBase="C:/Exercises/MVC/MVC_1.0/MVC01_TrainingVideo/Commerce.MVC/Commerce.MVC.Tests/bin/Debug/Commerce.MVC.Tests.DLL" adapterTypeName="Microsoft.VisualStudio.TestTools.TestTypes.Unit.UnitTestAdapter, Microsoft.VisualStudio.QualityTools.Tips.UnitTest.Adapter, Version=10.0.0.0, Culture=neutral, PublicKeyToken=b03f5f7f11d50a3a" className="Commerce.MVC.Tests.CatalogTests, Commerce.MVC.Tests, Version=1.0.0.0, Culture=neutral, PublicKeyToken=null" name="CatalogService_Can_Group_SubCategories" />
    </UnitTest>
    <UnitTest name="Product_ShouldHave_Name_Description_Category_Price_Discount_Fields" storage="c:\exercises\mvc\mvc_1.0\mvc01_trainingvideo\commerce.mvc\commerce.mvc.tests\bin\debug\commerce.mvc.tests.dll" id="980ea060-3f31-def4-4ed9-20ea00bf10a5">
      <Execution id="27fedb6a-6d06-491c-8340-af0091a3b479" />
      <TestMethod codeBase="C:/Exercises/MVC/MVC_1.0/MVC01_TrainingVideo/Commerce.MVC/Commerce.MVC.Tests/bin/Debug/Commerce.MVC.Tests.DLL" adapterTypeName="Microsoft.VisualStudio.TestTools.TestTypes.Unit.UnitTestAdapter, Microsoft.VisualStudio.QualityTools.Tips.UnitTest.Adapter, Version=10.0.0.0, Culture=neutral, PublicKeyToken=b03f5f7f11d50a3a" className="Commerce.MVC.Tests.CatalogTests, Commerce.MVC.Tests, Version=1.0.0.0, Culture=neutral, PublicKeyToken=null" name="Product_ShouldHave_Name_Description_Category_Price_Discount_Fields" />
    </UnitTest>
    <UnitTest name="CatalogService_Can_Get_Categories_From_Service" storage="c:\exercises\mvc\mvc_1.0\mvc01_trainingvideo\commerce.mvc\commerce.mvc.tests\bin\debug\commerce.mvc.tests.dll" id="afe3af13-837e-1542-131e-bf3718b85b8c">
      <Execution id="089d8544-060d-4d83-931f-712ddc71acd3" />
      <TestMethod codeBase="C:/Exercises/MVC/MVC_1.0/MVC01_TrainingVideo/Commerce.MVC/Commerce.MVC.Tests/bin/Debug/Commerce.MVC.Tests.DLL" adapterTypeName="Microsoft.VisualStudio.TestTools.TestTypes.Unit.UnitTestAdapter, Microsoft.VisualStudio.QualityTools.Tips.UnitTest.Adapter, Version=10.0.0.0, Culture=neutral, PublicKeyToken=b03f5f7f11d50a3a" className="Commerce.MVC.Tests.CatalogTests, Commerce.MVC.Tests, Version=1.0.0.0, Culture=neutral, PublicKeyToken=null" name="CatalogService_Can_Get_Categories_From_Service" />
    </UnitTest>
    <UnitTest name="CatalogRepository_Contains_Products" storage="c:\exercises\mvc\mvc_1.0\mvc01_trainingvideo\commerce.mvc\commerce.mvc.tests\bin\debug\commerce.mvc.tests.dll" id="8abe6c3c-c866-bd43-9abc-228b0143a4f9">
      <Execution id="b2d80ec8-f527-443e-8492-968bc360c39e" />
      <TestMethod codeBase="C:/Exercises/MVC/MVC_1.0/MVC01_TrainingVideo/Commerce.MVC/Commerce.MVC.Tests/bin/Debug/Commerce.MVC.Tests.DLL" adapterTypeName="Microsoft.VisualStudio.TestTools.TestTypes.Unit.UnitTestAdapter, Microsoft.VisualStudio.QualityTools.Tips.UnitTest.Adapter, Version=10.0.0.0, Culture=neutral, PublicKeyToken=b03f5f7f11d50a3a" className="Commerce.MVC.Tests.CatalogTests, Commerce.MVC.Tests, Version=1.0.0.0, Culture=neutral, PublicKeyToken=null" name="CatalogRepository_Contains_Products" />
    </UnitTest>
    <UnitTest name="CatalogRepository_Each_Category_Contain_5_Products" storage="c:\exercises\mvc\mvc_1.0\mvc01_trainingvideo\commerce.mvc\commerce.mvc.tests\bin\debug\commerce.mvc.tests.dll" id="9d682666-04c0-4fe7-48d2-3044ecb03f51">
      <Execution id="0a44767a-541a-4b9c-a3bd-af5a5479008b" />
      <TestMethod codeBase="C:/Exercises/MVC/MVC_1.0/MVC01_TrainingVideo/Commerce.MVC/Commerce.MVC.Tests/bin/Debug/Commerce.MVC.Tests.DLL" adapterTypeName="Microsoft.VisualStudio.TestTools.TestTypes.Unit.UnitTestAdapter, Microsoft.VisualStudio.QualityTools.Tips.UnitTest.Adapter, Version=10.0.0.0, Culture=neutral, PublicKeyToken=b03f5f7f11d50a3a" className="Commerce.MVC.Tests.CatalogTests, Commerce.MVC.Tests, Version=1.0.0.0, Culture=neutral, PublicKeyToken=null" name="CatalogRepository_Each_Category_Contain_5_Products" />
    </UnitTest>
  </TestDefinitions>
  <TestLists>
    <TestList name="Results Not in a List" id="8c84fa94-04c1-424b-9868-57a2d4851a1d" />
    <TestList name="All Loaded Results" id="19431567-8539-422a-85d7-44ee4e166bda" />
  </TestLists>
  <TestEntries>
    <TestEntry testId="1f0b25a7-09ff-1f7e-fd8a-049c06c424f3" executionId="e32ca03b-7e51-4657-9970-c1e863388bdb" testListId="8c84fa94-04c1-424b-9868-57a2d4851a1d" />
    <TestEntry testId="37fc31cd-daa3-d9b9-f32a-811f8af9e708" executionId="bfb81c2b-adea-4c6c-9b8f-2eb2030e0784" testListId="8c84fa94-04c1-424b-9868-57a2d4851a1d" />
    <TestEntry testId="4027e48d-36d2-cdbb-23cd-9ef9c383eb3f" executionId="dee0ca7b-05ab-4cbc-bfe2-083b18dc6248" testListId="8c84fa94-04c1-424b-9868-57a2d4851a1d" />
    <TestEntry testId="554f262a-ed3b-553b-fb57-1213c99f22bd" executionId="ae615db7-e760-42ad-938c-b011a328b764" testListId="8c84fa94-04c1-424b-9868-57a2d4851a1d" />
    <TestEntry testId="5b0d6551-0c5f-0335-715b-4eb0c6964c96" executionId="9a346a01-ff2a-473c-b72f-d9c4b96eca8a" testListId="8c84fa94-04c1-424b-9868-57a2d4851a1d" />
    <TestEntry testId="6c5d5ba2-725f-1add-322c-38f089eff964" executionId="5aeb7cff-5f98-4628-8842-3bbf8cc61480" testListId="8c84fa94-04c1-424b-9868-57a2d4851a1d" />
    <TestEntry testId="8abe6c3c-c866-bd43-9abc-228b0143a4f9" executionId="b2d80ec8-f527-443e-8492-968bc360c39e" testListId="8c84fa94-04c1-424b-9868-57a2d4851a1d" />
    <TestEntry testId="980ea060-3f31-def4-4ed9-20ea00bf10a5" executionId="27fedb6a-6d06-491c-8340-af0091a3b479" testListId="8c84fa94-04c1-424b-9868-57a2d4851a1d" />
    <TestEntry testId="9a40eff0-e98c-4b50-9f1d-e4958d92a7f0" executionId="48754971-05fe-402e-b6c9-798e84ede8a6" testListId="8c84fa94-04c1-424b-9868-57a2d4851a1d" />
    <TestEntry testId="9d682666-04c0-4fe7-48d2-3044ecb03f51" executionId="0a44767a-541a-4b9c-a3bd-af5a5479008b" testListId="8c84fa94-04c1-424b-9868-57a2d4851a1d" />
    <TestEntry testId="afe3af13-837e-1542-131e-bf3718b85b8c" executionId="089d8544-060d-4d83-931f-712ddc71acd3" testListId="8c84fa94-04c1-424b-9868-57a2d4851a1d" />
    <TestEntry testId="ddd4ab95-5d08-9020-c10a-d161d0d5eae5" executionId="33435578-fff4-41ba-ba66-86108fe32a2b" testListId="8c84fa94-04c1-424b-9868-57a2d4851a1d" />
    <TestEntry testId="e8f411e5-c146-f581-aad7-846708ac4f5f" executionId="c12c6606-4ae9-487f-92d8-94865484fad2" testListId="8c84fa94-04c1-424b-9868-57a2d4851a1d" />
    <TestEntry testId="ea0df013-1d99-4a2d-8a2e-8ea3ecd54339" executionId="3b665779-781f-4360-9b74-e891ffb561fe" testListId="8c84fa94-04c1-424b-9868-57a2d4851a1d" />
  </TestEntries>
  <Results>
    <UnitTestResult executionId="e32ca03b-7e51-4657-9970-c1e863388bdb" testId="1f0b25a7-09ff-1f7e-fd8a-049c06c424f3" testName="Repository_Returns_Single_Product_When_Filtered_ByID_1" computerName="TEGRIT0048" duration="00:00:00.0283869" startTime="2015-05-19T17:21:04.0265855-04:00" endTime="2015-05-19T17:21:05.1055855-04:00" testType="13cdc9d9-ddb5-4fa4-a97d-d965ccfc6d4b" outcome="Passed" testListId="8c84fa94-04c1-424b-9868-57a2d4851a1d" relativeResultsDirectory="e32ca03b-7e51-4657-9970-c1e863388bdb">
    </UnitTestResult>
    <UnitTestResult executionId="bfb81c2b-adea-4c6c-9b8f-2eb2030e0784" testId="37fc31cd-daa3-d9b9-f32a-811f8af9e708" testName="Repository_ProductFilter_Returns_5_Products_Wtih_Category_11" computerName="TEGRIT0048" duration="00:00:02.5967650" startTime="2015-05-19T17:21:05.1105855-04:00" endTime="2015-05-19T17:21:07.7105855-04:00" testType="13cdc9d9-ddb5-4fa4-a97d-d965ccfc6d4b" outcome="Failed" testListId="8c84fa94-04c1-424b-9868-57a2d4851a1d" relativeResultsDirectory="bfb81c2b-adea-4c6c-9b8f-2eb2030e0784">
      <Output>
        <ErrorInfo>
          <Message>Assert.AreEqual failed. Expected:&lt;5&gt;. Actual:&lt;10&gt;. </Message>
          <StackTrace>   at Commerce.MVC.Tests.CatalogTests.Repository_ProductFilter_Returns_5_Products_Wtih_Category_11() in C:\Exercises\MVC\MVC_1.0\MVC01_TrainingVideo\Commerce.MVC\Commerce.MVC.Tests\CatalogTests.cs:line 119
</StackTrace>
        </ErrorInfo>
      </Output>
    </UnitTestResult>
    <UnitTestResult executionId="dee0ca7b-05ab-4cbc-bfe2-083b18dc6248" testId="4027e48d-36d2-cdbb-23cd-9ef9c383eb3f" testName="CatalogService_Can_Group_ParentCategories" computerName="TEGRIT0048" duration="00:00:00.0010138" startTime="2015-05-19T17:21:07.7145855-04:00" endTime="2015-05-19T17:21:07.7185855-04:00" testType="13cdc9d9-ddb5-4fa4-a97d-d965ccfc6d4b" outcome="Passed" testListId="8c84fa94-04c1-424b-9868-57a2d4851a1d" relativeResultsDirectory="dee0ca7b-05ab-4cbc-bfe2-083b18dc6248">
    </UnitTestResult>
    <UnitTestResult executionId="ae615db7-e760-42ad-938c-b011a328b764" testId="554f262a-ed3b-553b-fb57-1213c99f22bd" testName="Product_Discount_Amount_Is_Valid" computerName="TEGRIT0048" duration="00:00:00.0010662" startTime="2015-05-19T17:21:07.7335855-04:00" endTime="2015-05-19T17:21:07.7375855-04:00" testType="13cdc9d9-ddb5-4fa4-a97d-d965ccfc6d4b" outcome="Passed" testListId="8c84fa94-04c1-424b-9868-57a2d4851a1d" relativeResultsDirectory="ae615db7-e760-42ad-938c-b011a328b764">
    </UnitTestResult>
    <UnitTestResult executionId="9a346a01-ff2a-473c-b72f-d9c4b96eca8a" testId="5b0d6551-0c5f-0335-715b-4eb0c6964c96" testName="Repository_has_Category_Filter_For_Products" computerName="TEGRIT0048" duration="00:00:00.0008313" startTime="2015-05-19T17:21:07.7445855-04:00" endTime="2015-05-19T17:21:07.7475855-04:00" testType="13cdc9d9-ddb5-4fa4-a97d-d965ccfc6d4b" outcome="Passed" testListId="8c84fa94-04c1-424b-9868-57a2d4851a1d" relativeResultsDirectory="9a346a01-ff2a-473c-b72f-d9c4b96eca8a">
    </UnitTestResult>
    <UnitTestResult executionId="5aeb7cff-5f98-4628-8842-3bbf8cc61480" testId="6c5d5ba2-725f-1add-322c-38f089eff964" testName="CatalogRespository_Respository_IsNotNull" computerName="TEGRIT0048" duration="00:00:00.0001422" startTime="2015-05-19T17:21:07.7515855-04:00" endTime="2015-05-19T17:21:07.7535855-04:00" testType="13cdc9d9-ddb5-4fa4-a97d-d965ccfc6d4b" outcome="Passed" testListId="8c84fa94-04c1-424b-9868-57a2d4851a1d" relativeResultsDirectory="5aeb7cff-5f98-4628-8842-3bbf8cc61480">
    </UnitTestResult>
    <UnitTestResult executionId="b2d80ec8-f527-443e-8492-968bc360c39e" testId="8abe6c3c-c866-bd43-9abc-228b0143a4f9" testName="CatalogRepository_Contains_Products" computerName="TEGRIT0048" duration="00:00:00.0004530" startTime="2015-05-19T17:21:07.7575855-04:00" endTime="2015-05-19T17:21:07.7635855-04:00" testType="13cdc9d9-ddb5-4fa4-a97d-d965ccfc6d4b" outcome="Passed" testListId="8c84fa94-04c1-424b-9868-57a2d4851a1d" relativeResultsDirectory="b2d80ec8-f527-443e-8492-968bc360c39e">
    </UnitTestResult>
    <UnitTestResult executionId="27fedb6a-6d06-491c-8340-af0091a3b479" testId="980ea060-3f31-def4-4ed9-20ea00bf10a5" testName="Product_ShouldHave_Name_Description_Category_Price_Discount_Fields" computerName="TEGRIT0048" duration="00:00:00.0005228" startTime="2015-05-19T17:21:07.7685855-04:00" endTime="2015-05-19T17:21:07.7715855-04:00" testType="13cdc9d9-ddb5-4fa4-a97d-d965ccfc6d4b" outcome="Passed" testListId="8c84fa94-04c1-424b-9868-57a2d4851a1d" relativeResultsDirectory="27fedb6a-6d06-491c-8340-af0091a3b479">
    </UnitTestResult>
    <UnitTestResult executionId="48754971-05fe-402e-b6c9-798e84ede8a6" testId="9a40eff0-e98c-4b50-9f1d-e4958d92a7f0" testName="CatalogService_Returns_5_Products_Wtih_Category_11" computerName="TEGRIT0048" duration="00:00:00.7511512" startTime="2015-05-19T17:21:07.7855855-04:00" endTime="2015-05-19T17:21:08.5385855-04:00" testType="13cdc9d9-ddb5-4fa4-a97d-d965ccfc6d4b" outcome="Failed" testListId="8c84fa94-04c1-424b-9868-57a2d4851a1d" relativeResultsDirectory="48754971-05fe-402e-b6c9-798e84ede8a6">
      <Output>
        <ErrorInfo>
          <Message>Assert.AreEqual failed. Expected:&lt;5&gt;. Actual:&lt;10&gt;. </Message>
          <StackTrace>   at Commerce.MVC.Tests.CatalogTests.CatalogService_Returns_5_Products_Wtih_Category_11() in C:\Exercises\MVC\MVC_1.0\MVC01_TrainingVideo\Commerce.MVC\Commerce.MVC.Tests\CatalogTests.cs:line 126
</StackTrace>
        </ErrorInfo>
      </Output>
    </UnitTestResult>
    <UnitTestResult executionId="0a44767a-541a-4b9c-a3bd-af5a5479008b" testId="9d682666-04c0-4fe7-48d2-3044ecb03f51" testName="CatalogRepository_Each_Category_Contain_5_Products" computerName="TEGRIT0048" duration="00:00:00.7846145" startTime="2015-05-19T17:21:08.5435855-04:00" endTime="2015-05-19T17:21:09.3315855-04:00" testType="13cdc9d9-ddb5-4fa4-a97d-d965ccfc6d4b" outcome="Failed" testListId="8c84fa94-04c1-424b-9868-57a2d4851a1d" relativeResultsDirectory="0a44767a-541a-4b9c-a3bd-af5a5479008b">
      <Output>
        <ErrorInfo>
          <Message>Assert.AreEqual failed. Expected:&lt;5&gt;. Actual:&lt;10&gt;. </Message>
          <StackTrace>   at Commerce.MVC.Tests.CatalogTests.CatalogRepository_Each_Category_Contain_5_Products() in C:\Exercises\MVC\MVC_1.0\MVC01_TrainingVideo\Commerce.MVC\Commerce.MVC.Tests\CatalogTests.cs:line 101
</StackTrace>
        </ErrorInfo>
      </Output>
    </UnitTestResult>
    <UnitTestResult executionId="089d8544-060d-4d83-931f-712ddc71acd3" testId="afe3af13-837e-1542-131e-bf3718b85b8c" testName="CatalogService_Can_Get_Categories_From_Service" computerName="TEGRIT0048" duration="00:00:00.0002138" startTime="2015-05-19T17:21:09.3425855-04:00" endTime="2015-05-19T17:21:09.3465855-04:00" testType="13cdc9d9-ddb5-4fa4-a97d-d965ccfc6d4b" outcome="Passed" testListId="8c84fa94-04c1-424b-9868-57a2d4851a1d" relativeResultsDirectory="089d8544-060d-4d83-931f-712ddc71acd3">
    </UnitTestResult>
    <UnitTestResult executionId="33435578-fff4-41ba-ba66-86108fe32a2b" testId="ddd4ab95-5d08-9020-c10a-d161d0d5eae5" testName="Product_Discount_Price_Is_Valid" computerName="TEGRIT0048" duration="00:00:00.0002602" startTime="2015-05-19T17:21:09.3585855-04:00" endTime="2015-05-19T17:21:09.3605855-04:00" testType="13cdc9d9-ddb5-4fa4-a97d-d965ccfc6d4b" outcome="Passed" testListId="8c84fa94-04c1-424b-9868-57a2d4851a1d" relativeResultsDirectory="33435578-fff4-41ba-ba66-86108fe32a2b">
    </UnitTestResult>
    <UnitTestResult executionId="c12c6606-4ae9-487f-92d8-94865484fad2" testId="e8f411e5-c146-f581-aad7-846708ac4f5f" testName="CatalogService_Can_Group_SubCategories" computerName="TEGRIT0048" duration="00:00:00.0002411" startTime="2015-05-19T17:21:09.3655855-04:00" endTime="2015-05-19T17:21:09.3685855-04:00" testType="13cdc9d9-ddb5-4fa4-a97d-d965ccfc6d4b" outcome="Passed" testListId="8c84fa94-04c1-424b-9868-57a2d4851a1d" relativeResultsDirectory="c12c6606-4ae9-487f-92d8-94865484fad2">
    </UnitTestResult>
    <UnitTestResult executionId="3b665779-781f-4360-9b74-e891ffb561fe" testId="ea0df013-1d99-4a2d-8a2e-8ea3ecd54339" testName="Service_Returns_Single_Product_When_Filtered_ByID_1" computerName="TEGRIT0048" duration="00:00:00.0011555" startTime="2015-05-19T17:21:09.3785855-04:00" endTime="2015-05-19T17:21:09.3825855-04:00" testType="13cdc9d9-ddb5-4fa4-a97d-d965ccfc6d4b" outcome="Passed" testListId="8c84fa94-04c1-424b-9868-57a2d4851a1d" relativeResultsDirectory="3b665779-781f-4360-9b74-e891ffb561fe">
    </UnitTestResult>
  </Results>
</TestRun>