<?xml version="1.0" encoding="UTF-8"?>
<TestRun id="13feb435-46bc-45b7-b81c-3cb4d63cd970" name="sheila.deskins@TEGRIT0048 2015-05-19 17:03:10" runUser="TEGRITSOLUTIONS\sheila.deskins" xmlns="http://microsoft.com/schemas/VisualStudio/TeamTest/2010">
  <TestSettings name="Default Test Settings" id="53ee5490-73ef-4073-a5e5-9da40135bc11">
    <Deployment runDeploymentRoot="sheila.deskins_TEGRIT0048 2015-05-19 17_03_10">
      <DeploymentItem filename="C:\Exercises\MVC\MVC_1.0\MVC01_TrainingVideo\Commerce.MVC\Commerce.MVC\bin\Commerce.MVC.dll" />
      <DeploymentItem filename="C:\Exercises\MVC\MVC_1.0\MVC01_TrainingVideo\Commerce.MVC\ClassLibrary2\bin\Debug\Commerce.MVC.Data.dll" />
      <DeploymentItem filename="C:\Exercises\MVC\MVC_1.0\MVC01_TrainingVideo\Commerce.MVC\ClassLibrary1\bin\Debug\Commerce.MVC.Services.dll" />
    </Deployment>
    <Execution>
      <TestTypeSpecific />
      <AgentRule name="Execution Agents">
      </AgentRule>
    </Execution>
  </TestSettings>
  <Times creation="2015-05-19T17:03:10.4945855-04:00" queuing="2015-05-19T17:03:13.3215855-04:00" start="2015-05-19T17:03:13.4185855-04:00" finish="2015-05-19T17:03:34.4975855-04:00" />
  <ResultSummary outcome="Failed">
    <Counters total="12" executed="12" passed="9" error="0" failed="3" timeout="0" aborted="0" inconclusive="0" passedButRunAborted="0" notRunnable="0" notExecuted="0" disconnected="0" warning="0" completed="0" inProgress="0" pending="0" />
  </ResultSummary>
  <TestDefinitions>
    <UnitTest name="Product_Discount_Price_Is_Valid" storage="c:\exercises\mvc\mvc_1.0\mvc01_trainingvideo\commerce.mvc\commerce.mvc.tests\bin\debug\commerce.mvc.tests.dll" id="ddd4ab95-5d08-9020-c10a-d161d0d5eae5">
      <Execution id="74e343eb-f182-4a2c-bbb0-aa1b725c284c" />
      <TestMethod codeBase="C:/Exercises/MVC/MVC_1.0/MVC01_TrainingVideo/Commerce.MVC/Commerce.MVC.Tests/bin/Debug/Commerce.MVC.Tests.DLL" adapterTypeName="Microsoft.VisualStudio.TestTools.TestTypes.Unit.UnitTestAdapter, Microsoft.VisualStudio.QualityTools.Tips.UnitTest.Adapter, Version=10.0.0.0, Culture=neutral, PublicKeyToken=b03f5f7f11d50a3a" className="Commerce.MVC.Tests.CatalogTests, Commerce.MVC.Tests, Version=1.0.0.0, Culture=neutral, PublicKeyToken=null" name="Product_Discount_Price_Is_Valid" />
    </UnitTest>
    <UnitTest name="Repository_ProductFilter_Returns_5_Products_Wtih_Category_11" storage="c:\exercises\mvc\mvc_1.0\mvc01_trainingvideo\commerce.mvc\commerce.mvc.tests\bin\debug\commerce.mvc.tests.dll" id="37fc31cd-daa3-d9b9-f32a-811f8af9e708">
      <Execution id="71bac514-ff87-4c83-ae0d-df44d6eefb5a" />
      <TestMethod codeBase="C:/Exercises/MVC/MVC_1.0/MVC01_TrainingVideo/Commerce.MVC/Commerce.MVC.Tests/bin/Debug/Commerce.MVC.Tests.DLL" adapterTypeName="Microsoft.VisualStudio.TestTools.TestTypes.Unit.UnitTestAdapter, Microsoft.VisualStudio.QualityTools.Tips.UnitTest.Adapter, Version=10.0.0.0, Culture=neutral, PublicKeyToken=b03f5f7f11d50a3a" className="Commerce.MVC.Tests.CatalogTests, Commerce.MVC.Tests, Version=1.0.0.0, Culture=neutral, PublicKeyToken=null" name="Repository_ProductFilter_Returns_5_Products_Wtih_Category_11" />
    </UnitTest>
    <UnitTest name="CatalogRepository_Each_Category_Contain_5_Products" storage="c:\exercises\mvc\mvc_1.0\mvc01_trainingvideo\commerce.mvc\commerce.mvc.tests\bin\debug\commerce.mvc.tests.dll" id="9d682666-04c0-4fe7-48d2-3044ecb03f51">
      <Execution id="5076facb-dc66-4e2f-806a-660ed72de115" />
      <TestMethod codeBase="C:/Exercises/MVC/MVC_1.0/MVC01_TrainingVideo/Commerce.MVC/Commerce.MVC.Tests/bin/Debug/Commerce.MVC.Tests.DLL" adapterTypeName="Microsoft.VisualStudio.TestTools.TestTypes.Unit.UnitTestAdapter, Microsoft.VisualStudio.QualityTools.Tips.UnitTest.Adapter, Version=10.0.0.0, Culture=neutral, PublicKeyToken=b03f5f7f11d50a3a" className="Commerce.MVC.Tests.CatalogTests, Commerce.MVC.Tests, Version=1.0.0.0, Culture=neutral, PublicKeyToken=null" name="CatalogRepository_Each_Category_Contain_5_Products" />
    </UnitTest>
    <UnitTest name="CatalogRespository_Respository_IsNotNull" storage="c:\exercises\mvc\mvc_1.0\mvc01_trainingvideo\commerce.mvc\commerce.mvc.tests\bin\debug\commerce.mvc.tests.dll" id="6c5d5ba2-725f-1add-322c-38f089eff964">
      <Execution id="7e056cda-8a30-49b9-94bf-04eb8a764c59" />
      <TestMethod codeBase="C:/Exercises/MVC/MVC_1.0/MVC01_TrainingVideo/Commerce.MVC/Commerce.MVC.Tests/bin/Debug/Commerce.MVC.Tests.DLL" adapterTypeName="Microsoft.VisualStudio.TestTools.TestTypes.Unit.UnitTestAdapter, Microsoft.VisualStudio.QualityTools.Tips.UnitTest.Adapter, Version=10.0.0.0, Culture=neutral, PublicKeyToken=b03f5f7f11d50a3a" className="Commerce.MVC.Tests.CatalogTests, Commerce.MVC.Tests, Version=1.0.0.0, Culture=neutral, PublicKeyToken=null" name="CatalogRespository_Respository_IsNotNull" />
    </UnitTest>
    <UnitTest name="CatalogService_Returns_5_Products_Wtih_Category_11" storage="c:\exercises\mvc\mvc_1.0\mvc01_trainingvideo\commerce.mvc\commerce.mvc.tests\bin\debug\commerce.mvc.tests.dll" id="9a40eff0-e98c-4b50-9f1d-e4958d92a7f0">
      <Execution id="f0611ca5-c5b9-4f5d-af50-9581c85b05f7" />
      <TestMethod codeBase="C:/Exercises/MVC/MVC_1.0/MVC01_TrainingVideo/Commerce.MVC/Commerce.MVC.Tests/bin/Debug/Commerce.MVC.Tests.DLL" adapterTypeName="Microsoft.VisualStudio.TestTools.TestTypes.Unit.UnitTestAdapter, Microsoft.VisualStudio.QualityTools.Tips.UnitTest.Adapter, Version=10.0.0.0, Culture=neutral, PublicKeyToken=b03f5f7f11d50a3a" className="Commerce.MVC.Tests.CatalogTests, Commerce.MVC.Tests, Version=1.0.0.0, Culture=neutral, PublicKeyToken=null" name="CatalogService_Returns_5_Products_Wtih_Category_11" />
    </UnitTest>
    <UnitTest name="Repository_has_Category_Filter_For_Products" storage="c:\exercises\mvc\mvc_1.0\mvc01_trainingvideo\commerce.mvc\commerce.mvc.tests\bin\debug\commerce.mvc.tests.dll" id="5b0d6551-0c5f-0335-715b-4eb0c6964c96">
      <Execution id="4b9ef75f-2c6e-4396-9ec5-a5d9d7500661" />
      <TestMethod codeBase="C:/Exercises/MVC/MVC_1.0/MVC01_TrainingVideo/Commerce.MVC/Commerce.MVC.Tests/bin/Debug/Commerce.MVC.Tests.DLL" adapterTypeName="Microsoft.VisualStudio.TestTools.TestTypes.Unit.UnitTestAdapter, Microsoft.VisualStudio.QualityTools.Tips.UnitTest.Adapter, Version=10.0.0.0, Culture=neutral, PublicKeyToken=b03f5f7f11d50a3a" className="Commerce.MVC.Tests.CatalogTests, Commerce.MVC.Tests, Version=1.0.0.0, Culture=neutral, PublicKeyToken=null" name="Repository_has_Category_Filter_For_Products" />
    </UnitTest>
    <UnitTest name="CatalogService_Can_Group_ParentCategories" storage="c:\exercises\mvc\mvc_1.0\mvc01_trainingvideo\commerce.mvc\commerce.mvc.tests\bin\debug\commerce.mvc.tests.dll" id="4027e48d-36d2-cdbb-23cd-9ef9c383eb3f">
      <Execution id="c22f0ae2-eba2-4be2-ab79-f675c9544767" />
      <TestMethod codeBase="C:/Exercises/MVC/MVC_1.0/MVC01_TrainingVideo/Commerce.MVC/Commerce.MVC.Tests/bin/Debug/Commerce.MVC.Tests.DLL" adapterTypeName="Microsoft.VisualStudio.TestTools.TestTypes.Unit.UnitTestAdapter, Microsoft.VisualStudio.QualityTools.Tips.UnitTest.Adapter, Version=10.0.0.0, Culture=neutral, PublicKeyToken=b03f5f7f11d50a3a" className="Commerce.MVC.Tests.CatalogTests, Commerce.MVC.Tests, Version=1.0.0.0, Culture=neutral, PublicKeyToken=null" name="CatalogService_Can_Group_ParentCategories" />
    </UnitTest>
    <UnitTest name="CatalogRepository_Contains_Products" storage="c:\exercises\mvc\mvc_1.0\mvc01_trainingvideo\commerce.mvc\commerce.mvc.tests\bin\debug\commerce.mvc.tests.dll" id="8abe6c3c-c866-bd43-9abc-228b0143a4f9">
      <Execution id="07acbb24-b02c-440e-8a69-5942f98485a4" />
      <TestMethod codeBase="C:/Exercises/MVC/MVC_1.0/MVC01_TrainingVideo/Commerce.MVC/Commerce.MVC.Tests/bin/Debug/Commerce.MVC.Tests.DLL" adapterTypeName="Microsoft.VisualStudio.TestTools.TestTypes.Unit.UnitTestAdapter, Microsoft.VisualStudio.QualityTools.Tips.UnitTest.Adapter, Version=10.0.0.0, Culture=neutral, PublicKeyToken=b03f5f7f11d50a3a" className="Commerce.MVC.Tests.CatalogTests, Commerce.MVC.Tests, Version=1.0.0.0, Culture=neutral, PublicKeyToken=null" name="CatalogRepository_Contains_Products" />
    </UnitTest>
    <UnitTest name="CatalogService_Can_Get_Categories_From_Service" storage="c:\exercises\mvc\mvc_1.0\mvc01_trainingvideo\commerce.mvc\commerce.mvc.tests\bin\debug\commerce.mvc.tests.dll" id="afe3af13-837e-1542-131e-bf3718b85b8c">
      <Execution id="a5b2e8f3-591f-45f9-b6b0-1d13800be1dc" />
      <TestMethod codeBase="C:/Exercises/MVC/MVC_1.0/MVC01_TrainingVideo/Commerce.MVC/Commerce.MVC.Tests/bin/Debug/Commerce.MVC.Tests.DLL" adapterTypeName="Microsoft.VisualStudio.TestTools.TestTypes.Unit.UnitTestAdapter, Microsoft.VisualStudio.QualityTools.Tips.UnitTest.Adapter, Version=10.0.0.0, Culture=neutral, PublicKeyToken=b03f5f7f11d50a3a" className="Commerce.MVC.Tests.CatalogTests, Commerce.MVC.Tests, Version=1.0.0.0, Culture=neutral, PublicKeyToken=null" name="CatalogService_Can_Get_Categories_From_Service" />
    </UnitTest>
    <UnitTest name="Product_Discount_Amount_Is_Valid" storage="c:\exercises\mvc\mvc_1.0\mvc01_trainingvideo\commerce.mvc\commerce.mvc.tests\bin\debug\commerce.mvc.tests.dll" id="554f262a-ed3b-553b-fb57-1213c99f22bd">
      <Execution id="9bd738b8-74a3-4be0-9407-3c0766b56c71" />
      <TestMethod codeBase="C:/Exercises/MVC/MVC_1.0/MVC01_TrainingVideo/Commerce.MVC/Commerce.MVC.Tests/bin/Debug/Commerce.MVC.Tests.DLL" adapterTypeName="Microsoft.VisualStudio.TestTools.TestTypes.Unit.UnitTestAdapter, Microsoft.VisualStudio.QualityTools.Tips.UnitTest.Adapter, Version=10.0.0.0, Culture=neutral, PublicKeyToken=b03f5f7f11d50a3a" className="Commerce.MVC.Tests.CatalogTests, Commerce.MVC.Tests, Version=1.0.0.0, Culture=neutral, PublicKeyToken=null" name="Product_Discount_Amount_Is_Valid" />
    </UnitTest>
    <UnitTest name="Product_ShouldHave_Name_Description_Category_Price_Discount_Fields" storage="c:\exercises\mvc\mvc_1.0\mvc01_trainingvideo\commerce.mvc\commerce.mvc.tests\bin\debug\commerce.mvc.tests.dll" id="980ea060-3f31-def4-4ed9-20ea00bf10a5">
      <Execution id="4bee26f2-abd9-40b6-838e-87b6a8d2d82d" />
      <TestMethod codeBase="C:/Exercises/MVC/MVC_1.0/MVC01_TrainingVideo/Commerce.MVC/Commerce.MVC.Tests/bin/Debug/Commerce.MVC.Tests.DLL" adapterTypeName="Microsoft.VisualStudio.TestTools.TestTypes.Unit.UnitTestAdapter, Microsoft.VisualStudio.QualityTools.Tips.UnitTest.Adapter, Version=10.0.0.0, Culture=neutral, PublicKeyToken=b03f5f7f11d50a3a" className="Commerce.MVC.Tests.CatalogTests, Commerce.MVC.Tests, Version=1.0.0.0, Culture=neutral, PublicKeyToken=null" name="Product_ShouldHave_Name_Description_Category_Price_Discount_Fields" />
    </UnitTest>
    <UnitTest name="CatalogService_Can_Group_SubCategories" storage="c:\exercises\mvc\mvc_1.0\mvc01_trainingvideo\commerce.mvc\commerce.mvc.tests\bin\debug\commerce.mvc.tests.dll" id="e8f411e5-c146-f581-aad7-846708ac4f5f">
      <Execution id="251fa838-c986-453d-a57b-a5d4014dd56c" />
      <TestMethod codeBase="C:/Exercises/MVC/MVC_1.0/MVC01_TrainingVideo/Commerce.MVC/Commerce.MVC.Tests/bin/Debug/Commerce.MVC.Tests.DLL" adapterTypeName="Microsoft.VisualStudio.TestTools.TestTypes.Unit.UnitTestAdapter, Microsoft.VisualStudio.QualityTools.Tips.UnitTest.Adapter, Version=10.0.0.0, Culture=neutral, PublicKeyToken=b03f5f7f11d50a3a" className="Commerce.MVC.Tests.CatalogTests, Commerce.MVC.Tests, Version=1.0.0.0, Culture=neutral, PublicKeyToken=null" name="CatalogService_Can_Group_SubCategories" />
    </UnitTest>
  </TestDefinitions>
  <TestLists>
    <TestList name="Results Not in a List" id="8c84fa94-04c1-424b-9868-57a2d4851a1d" />
    <TestList name="All Loaded Results" id="19431567-8539-422a-85d7-44ee4e166bda" />
  </TestLists>
  <TestEntries>
    <TestEntry testId="37fc31cd-daa3-d9b9-f32a-811f8af9e708" executionId="71bac514-ff87-4c83-ae0d-df44d6eefb5a" testListId="8c84fa94-04c1-424b-9868-57a2d4851a1d" />
    <TestEntry testId="4027e48d-36d2-cdbb-23cd-9ef9c383eb3f" executionId="c22f0ae2-eba2-4be2-ab79-f675c9544767" testListId="8c84fa94-04c1-424b-9868-57a2d4851a1d" />
    <TestEntry testId="554f262a-ed3b-553b-fb57-1213c99f22bd" executionId="9bd738b8-74a3-4be0-9407-3c0766b56c71" testListId="8c84fa94-04c1-424b-9868-57a2d4851a1d" />
    <TestEntry testId="5b0d6551-0c5f-0335-715b-4eb0c6964c96" executionId="4b9ef75f-2c6e-4396-9ec5-a5d9d7500661" testListId="8c84fa94-04c1-424b-9868-57a2d4851a1d" />
    <TestEntry testId="6c5d5ba2-725f-1add-322c-38f089eff964" executionId="7e056cda-8a30-49b9-94bf-04eb8a764c59" testListId="8c84fa94-04c1-424b-9868-57a2d4851a1d" />
    <TestEntry testId="8abe6c3c-c866-bd43-9abc-228b0143a4f9" executionId="07acbb24-b02c-440e-8a69-5942f98485a4" testListId="8c84fa94-04c1-424b-9868-57a2d4851a1d" />
    <TestEntry testId="980ea060-3f31-def4-4ed9-20ea00bf10a5" executionId="4bee26f2-abd9-40b6-838e-87b6a8d2d82d" testListId="8c84fa94-04c1-424b-9868-57a2d4851a1d" />
    <TestEntry testId="9a40eff0-e98c-4b50-9f1d-e4958d92a7f0" executionId="f0611ca5-c5b9-4f5d-af50-9581c85b05f7" testListId="8c84fa94-04c1-424b-9868-57a2d4851a1d" />
    <TestEntry testId="9d682666-04c0-4fe7-48d2-3044ecb03f51" executionId="5076facb-dc66-4e2f-806a-660ed72de115" testListId="8c84fa94-04c1-424b-9868-57a2d4851a1d" />
    <TestEntry testId="afe3af13-837e-1542-131e-bf3718b85b8c" executionId="a5b2e8f3-591f-45f9-b6b0-1d13800be1dc" testListId="8c84fa94-04c1-424b-9868-57a2d4851a1d" />
    <TestEntry testId="ddd4ab95-5d08-9020-c10a-d161d0d5eae5" executionId="74e343eb-f182-4a2c-bbb0-aa1b725c284c" testListId="8c84fa94-04c1-424b-9868-57a2d4851a1d" />
    <TestEntry testId="e8f411e5-c146-f581-aad7-846708ac4f5f" executionId="251fa838-c986-453d-a57b-a5d4014dd56c" testListId="8c84fa94-04c1-424b-9868-57a2d4851a1d" />
  </TestEntries>
  <Results>
    <UnitTestResult executionId="71bac514-ff87-4c83-ae0d-df44d6eefb5a" testId="37fc31cd-daa3-d9b9-f32a-811f8af9e708" testName="Repository_ProductFilter_Returns_5_Products_Wtih_Category_11" computerName="TEGRIT0048" duration="00:00:05.0733043" startTime="2015-05-19T17:03:13.5185855-04:00" endTime="2015-05-19T17:03:19.6315855-04:00" testType="13cdc9d9-ddb5-4fa4-a97d-d965ccfc6d4b" outcome="Failed" testListId="8c84fa94-04c1-424b-9868-57a2d4851a1d" relativeResultsDirectory="71bac514-ff87-4c83-ae0d-df44d6eefb5a">
      <Output>
        <ErrorInfo>
          <Message>Assert.AreEqual failed. Expected:&lt;5&gt;. Actual:&lt;10&gt;. </Message>
          <StackTrace>   at Commerce.MVC.Tests.CatalogTests.Repository_ProductFilter_Returns_5_Products_Wtih_Category_11() in C:\Exercises\MVC\MVC_1.0\MVC01_TrainingVideo\Commerce.MVC\Commerce.MVC.Tests\CatalogTests.cs:line 119
</StackTrace>
        </ErrorInfo>
      </Output>
    </UnitTestResult>
    <UnitTestResult executionId="c22f0ae2-eba2-4be2-ab79-f675c9544767" testId="4027e48d-36d2-cdbb-23cd-9ef9c383eb3f" testName="CatalogService_Can_Group_ParentCategories" computerName="TEGRIT0048" duration="00:00:00.0009114" startTime="2015-05-19T17:03:19.6495855-04:00" endTime="2015-05-19T17:03:19.6535855-04:00" testType="13cdc9d9-ddb5-4fa4-a97d-d965ccfc6d4b" outcome="Passed" testListId="8c84fa94-04c1-424b-9868-57a2d4851a1d" relativeResultsDirectory="c22f0ae2-eba2-4be2-ab79-f675c9544767">
    </UnitTestResult>
    <UnitTestResult executionId="9bd738b8-74a3-4be0-9407-3c0766b56c71" testId="554f262a-ed3b-553b-fb57-1213c99f22bd" testName="Product_Discount_Amount_Is_Valid" computerName="TEGRIT0048" duration="00:00:00.0011101" startTime="2015-05-19T17:03:19.6665855-04:00" endTime="2015-05-19T17:03:19.6715855-04:00" testType="13cdc9d9-ddb5-4fa4-a97d-d965ccfc6d4b" outcome="Passed" testListId="8c84fa94-04c1-424b-9868-57a2d4851a1d" relativeResultsDirectory="9bd738b8-74a3-4be0-9407-3c0766b56c71">
    </UnitTestResult>
    <UnitTestResult executionId="4b9ef75f-2c6e-4396-9ec5-a5d9d7500661" testId="5b0d6551-0c5f-0335-715b-4eb0c6964c96" testName="Repository_has_Category_Filter_For_Products" computerName="TEGRIT0048" duration="00:00:00.0016720" startTime="2015-05-19T17:03:19.6775855-04:00" endTime="2015-05-19T17:03:19.6815855-04:00" testType="13cdc9d9-ddb5-4fa4-a97d-d965ccfc6d4b" outcome="Passed" testListId="8c84fa94-04c1-424b-9868-57a2d4851a1d" relativeResultsDirectory="4b9ef75f-2c6e-4396-9ec5-a5d9d7500661">
    </UnitTestResult>
    <UnitTestResult executionId="7e056cda-8a30-49b9-94bf-04eb8a764c59" testId="6c5d5ba2-725f-1add-322c-38f089eff964" testName="CatalogRespository_Respository_IsNotNull" computerName="TEGRIT0048" duration="00:00:00.0001465" startTime="2015-05-19T17:03:19.6875855-04:00" endTime="2015-05-19T17:03:19.6895855-04:00" testType="13cdc9d9-ddb5-4fa4-a97d-d965ccfc6d4b" outcome="Passed" testListId="8c84fa94-04c1-424b-9868-57a2d4851a1d" relativeResultsDirectory="7e056cda-8a30-49b9-94bf-04eb8a764c59">
    </UnitTestResult>
    <UnitTestResult executionId="07acbb24-b02c-440e-8a69-5942f98485a4" testId="8abe6c3c-c866-bd43-9abc-228b0143a4f9" testName="CatalogRepository_Contains_Products" computerName="TEGRIT0048" duration="00:00:00.0011657" startTime="2015-05-19T17:03:19.6945855-04:00" endTime="2015-05-19T17:03:19.6975855-04:00" testType="13cdc9d9-ddb5-4fa4-a97d-d965ccfc6d4b" outcome="Passed" testListId="8c84fa94-04c1-424b-9868-57a2d4851a1d" relativeResultsDirectory="07acbb24-b02c-440e-8a69-5942f98485a4">
    </UnitTestResult>
    <UnitTestResult executionId="4bee26f2-abd9-40b6-838e-87b6a8d2d82d" testId="980ea060-3f31-def4-4ed9-20ea00bf10a5" testName="Product_ShouldHave_Name_Description_Category_Price_Discount_Fields" computerName="TEGRIT0048" duration="00:00:00.0005205" startTime="2015-05-19T17:03:19.7015855-04:00" endTime="2015-05-19T17:03:19.7045855-04:00" testType="13cdc9d9-ddb5-4fa4-a97d-d965ccfc6d4b" outcome="Passed" testListId="8c84fa94-04c1-424b-9868-57a2d4851a1d" relativeResultsDirectory="4bee26f2-abd9-40b6-838e-87b6a8d2d82d">
    </UnitTestResult>
    <UnitTestResult executionId="f0611ca5-c5b9-4f5d-af50-9581c85b05f7" testId="9a40eff0-e98c-4b50-9f1d-e4958d92a7f0" testName="CatalogService_Returns_5_Products_Wtih_Category_11" computerName="TEGRIT0048" duration="00:00:11.2550470" startTime="2015-05-19T17:03:19.7115855-04:00" endTime="2015-05-19T17:03:30.9685855-04:00" testType="13cdc9d9-ddb5-4fa4-a97d-d965ccfc6d4b" outcome="Failed" testListId="8c84fa94-04c1-424b-9868-57a2d4851a1d" relativeResultsDirectory="f0611ca5-c5b9-4f5d-af50-9581c85b05f7">
      <Output>
        <ErrorInfo>
          <Message>Assert.AreEqual failed. Expected:&lt;5&gt;. Actual:&lt;10&gt;. </Message>
          <StackTrace>   at Commerce.MVC.Tests.CatalogTests.CatalogService_Returns_5_Products_Wtih_Category_11() in C:\Exercises\MVC\MVC_1.0\MVC01_TrainingVideo\Commerce.MVC\Commerce.MVC.Tests\CatalogTests.cs:line 126
</StackTrace>
        </ErrorInfo>
      </Output>
    </UnitTestResult>
    <UnitTestResult executionId="5076facb-dc66-4e2f-806a-660ed72de115" testId="9d682666-04c0-4fe7-48d2-3044ecb03f51" testName="CatalogRepository_Each_Category_Contain_5_Products" computerName="TEGRIT0048" duration="00:00:03.4375142" startTime="2015-05-19T17:03:30.9765855-04:00" endTime="2015-05-19T17:03:34.4165855-04:00" testType="13cdc9d9-ddb5-4fa4-a97d-d965ccfc6d4b" outcome="Failed" testListId="8c84fa94-04c1-424b-9868-57a2d4851a1d" relativeResultsDirectory="5076facb-dc66-4e2f-806a-660ed72de115">
      <Output>
        <ErrorInfo>
          <Message>Assert.AreEqual failed. Expected:&lt;5&gt;. Actual:&lt;10&gt;. </Message>
          <StackTrace>   at Commerce.MVC.Tests.CatalogTests.CatalogRepository_Each_Category_Contain_5_Products() in C:\Exercises\MVC\MVC_1.0\MVC01_TrainingVideo\Commerce.MVC\Commerce.MVC.Tests\CatalogTests.cs:line 101
</StackTrace>
        </ErrorInfo>
      </Output>
    </UnitTestResult>
    <UnitTestResult executionId="a5b2e8f3-591f-45f9-b6b0-1d13800be1dc" testId="afe3af13-837e-1542-131e-bf3718b85b8c" testName="CatalogService_Can_Get_Categories_From_Service" computerName="TEGRIT0048" duration="00:00:00.0001807" startTime="2015-05-19T17:03:34.4225855-04:00" endTime="2015-05-19T17:03:34.4265855-04:00" testType="13cdc9d9-ddb5-4fa4-a97d-d965ccfc6d4b" outcome="Passed" testListId="8c84fa94-04c1-424b-9868-57a2d4851a1d" relativeResultsDirectory="a5b2e8f3-591f-45f9-b6b0-1d13800be1dc">
    </UnitTestResult>
    <UnitTestResult executionId="74e343eb-f182-4a2c-bbb0-aa1b725c284c" testId="ddd4ab95-5d08-9020-c10a-d161d0d5eae5" testName="Product_Discount_Price_Is_Valid" computerName="TEGRIT0048" duration="00:00:00.0002657" startTime="2015-05-19T17:03:34.4405855-04:00" endTime="2015-05-19T17:03:34.4435855-04:00" testType="13cdc9d9-ddb5-4fa4-a97d-d965ccfc6d4b" outcome="Passed" testListId="8c84fa94-04c1-424b-9868-57a2d4851a1d" relativeResultsDirectory="74e343eb-f182-4a2c-bbb0-aa1b725c284c">
    </UnitTestResult>
    <UnitTestResult executionId="251fa838-c986-453d-a57b-a5d4014dd56c" testId="e8f411e5-c146-f581-aad7-846708ac4f5f" testName="CatalogService_Can_Group_SubCategories" computerName="TEGRIT0048" duration="00:00:00.0002708" startTime="2015-05-19T17:03:34.4485855-04:00" endTime="2015-05-19T17:03:34.4545855-04:00" testType="13cdc9d9-ddb5-4fa4-a97d-d965ccfc6d4b" outcome="Passed" testListId="8c84fa94-04c1-424b-9868-57a2d4851a1d" relativeResultsDirectory="251fa838-c986-453d-a57b-a5d4014dd56c">
    </UnitTestResult>
  </Results>
</TestRun>