<?xml version="1.0" encoding="UTF-8"?>
<TestRun id="c063831e-d169-4d52-9c48-4a4f9bcf79a0" name="sheila.deskins@TEGRIT0048 2015-05-19 16:51:35" runUser="TEGRITSOLUTIONS\sheila.deskins" xmlns="http://microsoft.com/schemas/VisualStudio/TeamTest/2010">
  <TestSettings name="Default Test Settings" id="bad1b4ee-3808-4341-a8a3-30a11eeb9073">
    <Deployment runDeploymentRoot="sheila.deskins_TEGRIT0048 2015-05-19 16_51_35">
      <DeploymentItem filename="C:\Exercises\MVC\MVC_1.0\MVC01_TrainingVideo\Commerce.MVC\Commerce.MVC\bin\Commerce.MVC.dll" />
      <DeploymentItem filename="C:\Exercises\MVC\MVC_1.0\MVC01_TrainingVideo\Commerce.MVC\ClassLibrary2\bin\Debug\Commerce.MVC.Data.dll" />
      <DeploymentItem filename="C:\Exercises\MVC\MVC_1.0\MVC01_TrainingVideo\Commerce.MVC\ClassLibrary1\bin\Debug\Commerce.MVC.Services.dll" />
    </Deployment>
    <Execution>
      <TestTypeSpecific />
      <AgentRule name="Execution Agents">
      </AgentRule>
    </Execution>
  </TestSettings>
  <Times creation="2015-05-19T16:51:35.7145855-04:00" queuing="2015-05-19T16:51:49.9715855-04:00" start="2015-05-19T16:51:50.0515855-04:00" finish="2015-05-19T16:52:21.0775855-04:00" />
  <ResultSummary outcome="Failed">
    <Counters total="12" executed="12" passed="9" error="0" failed="3" timeout="0" aborted="0" inconclusive="0" passedButRunAborted="0" notRunnable="0" notExecuted="0" disconnected="0" warning="0" completed="0" inProgress="0" pending="0" />
  </ResultSummary>
  <TestDefinitions>
    <UnitTest name="Product_Discount_Price_Is_Valid" storage="c:\exercises\mvc\mvc_1.0\mvc01_trainingvideo\commerce.mvc\commerce.mvc.tests\bin\debug\commerce.mvc.tests.dll" id="ddd4ab95-5d08-9020-c10a-d161d0d5eae5">
      <Execution id="284eea17-1202-4048-bb94-81d87858f276" />
      <TestMethod codeBase="C:/Exercises/MVC/MVC_1.0/MVC01_TrainingVideo/Commerce.MVC/Commerce.MVC.Tests/bin/Debug/Commerce.MVC.Tests.DLL" adapterTypeName="Microsoft.VisualStudio.TestTools.TestTypes.Unit.UnitTestAdapter, Microsoft.VisualStudio.QualityTools.Tips.UnitTest.Adapter, Version=10.0.0.0, Culture=neutral, PublicKeyToken=b03f5f7f11d50a3a" className="Commerce.MVC.Tests.CatalogTests, Commerce.MVC.Tests, Version=1.0.0.0, Culture=neutral, PublicKeyToken=null" name="Product_Discount_Price_Is_Valid" />
    </UnitTest>
    <UnitTest name="Repository_ProductFilter_Returns_5_Products_Wtih_Category_11" storage="c:\exercises\mvc\mvc_1.0\mvc01_trainingvideo\commerce.mvc\commerce.mvc.tests\bin\debug\commerce.mvc.tests.dll" id="37fc31cd-daa3-d9b9-f32a-811f8af9e708">
      <Execution id="7f69adcb-fdda-461f-8086-e8342ea303cf" />
      <TestMethod codeBase="C:/Exercises/MVC/MVC_1.0/MVC01_TrainingVideo/Commerce.MVC/Commerce.MVC.Tests/bin/Debug/Commerce.MVC.Tests.DLL" adapterTypeName="Microsoft.VisualStudio.TestTools.TestTypes.Unit.UnitTestAdapter, Microsoft.VisualStudio.QualityTools.Tips.UnitTest.Adapter, Version=10.0.0.0, Culture=neutral, PublicKeyToken=b03f5f7f11d50a3a" className="Commerce.MVC.Tests.CatalogTests, Commerce.MVC.Tests, Version=1.0.0.0, Culture=neutral, PublicKeyToken=null" name="Repository_ProductFilter_Returns_5_Products_Wtih_Category_11" />
    </UnitTest>
    <UnitTest name="CatalogRepository_Each_Category_Contain_5_Products" storage="c:\exercises\mvc\mvc_1.0\mvc01_trainingvideo\commerce.mvc\commerce.mvc.tests\bin\debug\commerce.mvc.tests.dll" id="9d682666-04c0-4fe7-48d2-3044ecb03f51">
      <Execution id="dea39f88-343b-491f-946b-4c5f99f6a5ab" />
      <TestMethod codeBase="C:/Exercises/MVC/MVC_1.0/MVC01_TrainingVideo/Commerce.MVC/Commerce.MVC.Tests/bin/Debug/Commerce.MVC.Tests.DLL" adapterTypeName="Microsoft.VisualStudio.TestTools.TestTypes.Unit.UnitTestAdapter, Microsoft.VisualStudio.QualityTools.Tips.UnitTest.Adapter, Version=10.0.0.0, Culture=neutral, PublicKeyToken=b03f5f7f11d50a3a" className="Commerce.MVC.Tests.CatalogTests, Commerce.MVC.Tests, Version=1.0.0.0, Culture=neutral, PublicKeyToken=null" name="CatalogRepository_Each_Category_Contain_5_Products" />
    </UnitTest>
    <UnitTest name="CatalogService_Returns_5_Products_Wtih_Category_11" storage="c:\exercises\mvc\mvc_1.0\mvc01_trainingvideo\commerce.mvc\commerce.mvc.tests\bin\debug\commerce.mvc.tests.dll" id="9a40eff0-e98c-4b50-9f1d-e4958d92a7f0">
      <Execution id="ea89ebf9-46eb-4c92-bd59-2e5ff92a7038" />
      <TestMethod codeBase="C:/Exercises/MVC/MVC_1.0/MVC01_TrainingVideo/Commerce.MVC/Commerce.MVC.Tests/bin/Debug/Commerce.MVC.Tests.DLL" adapterTypeName="Microsoft.VisualStudio.TestTools.TestTypes.Unit.UnitTestAdapter, Microsoft.VisualStudio.QualityTools.Tips.UnitTest.Adapter, Version=10.0.0.0, Culture=neutral, PublicKeyToken=b03f5f7f11d50a3a" className="Commerce.MVC.Tests.CatalogTests, Commerce.MVC.Tests, Version=1.0.0.0, Culture=neutral, PublicKeyToken=null" name="CatalogService_Returns_5_Products_Wtih_Category_11" />
    </UnitTest>
    <UnitTest name="Repository_has_Category_Filter_For_Products" storage="c:\exercises\mvc\mvc_1.0\mvc01_trainingvideo\commerce.mvc\commerce.mvc.tests\bin\debug\commerce.mvc.tests.dll" id="5b0d6551-0c5f-0335-715b-4eb0c6964c96">
      <Execution id="3b3db697-0d67-482d-a757-3db2ebb2347d" />
      <TestMethod codeBase="C:/Exercises/MVC/MVC_1.0/MVC01_TrainingVideo/Commerce.MVC/Commerce.MVC.Tests/bin/Debug/Commerce.MVC.Tests.DLL" adapterTypeName="Microsoft.VisualStudio.TestTools.TestTypes.Unit.UnitTestAdapter, Microsoft.VisualStudio.QualityTools.Tips.UnitTest.Adapter, Version=10.0.0.0, Culture=neutral, PublicKeyToken=b03f5f7f11d50a3a" className="Commerce.MVC.Tests.CatalogTests, Commerce.MVC.Tests, Version=1.0.0.0, Culture=neutral, PublicKeyToken=null" name="Repository_has_Category_Filter_For_Products" />
    </UnitTest>
    <UnitTest name="CatalogService_Can_Group_ParentCategories" storage="c:\exercises\mvc\mvc_1.0\mvc01_trainingvideo\commerce.mvc\commerce.mvc.tests\bin\debug\commerce.mvc.tests.dll" id="4027e48d-36d2-cdbb-23cd-9ef9c383eb3f">
      <Execution id="1410e565-f52b-475f-80dc-f6fab812fbee" />
      <TestMethod codeBase="C:/Exercises/MVC/MVC_1.0/MVC01_TrainingVideo/Commerce.MVC/Commerce.MVC.Tests/bin/Debug/Commerce.MVC.Tests.DLL" adapterTypeName="Microsoft.VisualStudio.TestTools.TestTypes.Unit.UnitTestAdapter, Microsoft.VisualStudio.QualityTools.Tips.UnitTest.Adapter, Version=10.0.0.0, Culture=neutral, PublicKeyToken=b03f5f7f11d50a3a" className="Commerce.MVC.Tests.CatalogTests, Commerce.MVC.Tests, Version=1.0.0.0, Culture=neutral, PublicKeyToken=null" name="CatalogService_Can_Group_ParentCategories" />
    </UnitTest>
    <UnitTest name="CatalogRepository_Contains_Products" storage="c:\exercises\mvc\mvc_1.0\mvc01_trainingvideo\commerce.mvc\commerce.mvc.tests\bin\debug\commerce.mvc.tests.dll" id="8abe6c3c-c866-bd43-9abc-228b0143a4f9">
      <Execution id="d5d33516-7bbc-4d9f-ac4c-aa2cdc8722a6" />
      <TestMethod codeBase="C:/Exercises/MVC/MVC_1.0/MVC01_TrainingVideo/Commerce.MVC/Commerce.MVC.Tests/bin/Debug/Commerce.MVC.Tests.DLL" adapterTypeName="Microsoft.VisualStudio.TestTools.TestTypes.Unit.UnitTestAdapter, Microsoft.VisualStudio.QualityTools.Tips.UnitTest.Adapter, Version=10.0.0.0, Culture=neutral, PublicKeyToken=b03f5f7f11d50a3a" className="Commerce.MVC.Tests.CatalogTests, Commerce.MVC.Tests, Version=1.0.0.0, Culture=neutral, PublicKeyToken=null" name="CatalogRepository_Contains_Products" />
    </UnitTest>
    <UnitTest name="CatalogService_Can_Get_Categories_From_Service" storage="c:\exercises\mvc\mvc_1.0\mvc01_trainingvideo\commerce.mvc\commerce.mvc.tests\bin\debug\commerce.mvc.tests.dll" id="afe3af13-837e-1542-131e-bf3718b85b8c">
      <Execution id="bbba5371-0c59-4e13-9ab8-953fd1c35a6e" />
      <TestMethod codeBase="C:/Exercises/MVC/MVC_1.0/MVC01_TrainingVideo/Commerce.MVC/Commerce.MVC.Tests/bin/Debug/Commerce.MVC.Tests.DLL" adapterTypeName="Microsoft.VisualStudio.TestTools.TestTypes.Unit.UnitTestAdapter, Microsoft.VisualStudio.QualityTools.Tips.UnitTest.Adapter, Version=10.0.0.0, Culture=neutral, PublicKeyToken=b03f5f7f11d50a3a" className="Commerce.MVC.Tests.CatalogTests, Commerce.MVC.Tests, Version=1.0.0.0, Culture=neutral, PublicKeyToken=null" name="CatalogService_Can_Get_Categories_From_Service" />
    </UnitTest>
    <UnitTest name="CatalogRespository_Respository_IsNotNull" storage="c:\exercises\mvc\mvc_1.0\mvc01_trainingvideo\commerce.mvc\commerce.mvc.tests\bin\debug\commerce.mvc.tests.dll" id="6c5d5ba2-725f-1add-322c-38f089eff964">
      <Execution id="db05d4ad-2b65-414c-8e54-4fe6427449a6" />
      <TestMethod codeBase="C:/Exercises/MVC/MVC_1.0/MVC01_TrainingVideo/Commerce.MVC/Commerce.MVC.Tests/bin/Debug/Commerce.MVC.Tests.DLL" adapterTypeName="Microsoft.VisualStudio.TestTools.TestTypes.Unit.UnitTestAdapter, Microsoft.VisualStudio.QualityTools.Tips.UnitTest.Adapter, Version=10.0.0.0, Culture=neutral, PublicKeyToken=b03f5f7f11d50a3a" className="Commerce.MVC.Tests.CatalogTests, Commerce.MVC.Tests, Version=1.0.0.0, Culture=neutral, PublicKeyToken=null" name="CatalogRespository_Respository_IsNotNull" />
    </UnitTest>
    <UnitTest name="Product_Discount_Amount_Is_Valid" storage="c:\exercises\mvc\mvc_1.0\mvc01_trainingvideo\commerce.mvc\commerce.mvc.tests\bin\debug\commerce.mvc.tests.dll" id="554f262a-ed3b-553b-fb57-1213c99f22bd">
      <Execution id="d753d66a-9303-4e66-9eeb-198f7d26aa30" />
      <TestMethod codeBase="C:/Exercises/MVC/MVC_1.0/MVC01_TrainingVideo/Commerce.MVC/Commerce.MVC.Tests/bin/Debug/Commerce.MVC.Tests.DLL" adapterTypeName="Microsoft.VisualStudio.TestTools.TestTypes.Unit.UnitTestAdapter, Microsoft.VisualStudio.QualityTools.Tips.UnitTest.Adapter, Version=10.0.0.0, Culture=neutral, PublicKeyToken=b03f5f7f11d50a3a" className="Commerce.MVC.Tests.CatalogTests, Commerce.MVC.Tests, Version=1.0.0.0, Culture=neutral, PublicKeyToken=null" name="Product_Discount_Amount_Is_Valid" />
    </UnitTest>
    <UnitTest name="Product_ShouldHave_Name_Description_Category_Price_Discount_Fields" storage="c:\exercises\mvc\mvc_1.0\mvc01_trainingvideo\commerce.mvc\commerce.mvc.tests\bin\debug\commerce.mvc.tests.dll" id="980ea060-3f31-def4-4ed9-20ea00bf10a5">
      <Execution id="8682602c-4c9b-4700-adfa-fd2c8cb93c06" />
      <TestMethod codeBase="C:/Exercises/MVC/MVC_1.0/MVC01_TrainingVideo/Commerce.MVC/Commerce.MVC.Tests/bin/Debug/Commerce.MVC.Tests.DLL" adapterTypeName="Microsoft.VisualStudio.TestTools.TestTypes.Unit.UnitTestAdapter, Microsoft.VisualStudio.QualityTools.Tips.UnitTest.Adapter, Version=10.0.0.0, Culture=neutral, PublicKeyToken=b03f5f7f11d50a3a" className="Commerce.MVC.Tests.CatalogTests, Commerce.MVC.Tests, Version=1.0.0.0, Culture=neutral, PublicKeyToken=null" name="Product_ShouldHave_Name_Description_Category_Price_Discount_Fields" />
    </UnitTest>
    <UnitTest name="CatalogService_Can_Group_SubCategories" storage="c:\exercises\mvc\mvc_1.0\mvc01_trainingvideo\commerce.mvc\commerce.mvc.tests\bin\debug\commerce.mvc.tests.dll" id="e8f411e5-c146-f581-aad7-846708ac4f5f">
      <Execution id="16efb8b3-c0d9-417f-a20f-bf57ee8fb199" />
      <TestMethod codeBase="C:/Exercises/MVC/MVC_1.0/MVC01_TrainingVideo/Commerce.MVC/Commerce.MVC.Tests/bin/Debug/Commerce.MVC.Tests.DLL" adapterTypeName="Microsoft.VisualStudio.TestTools.TestTypes.Unit.UnitTestAdapter, Microsoft.VisualStudio.QualityTools.Tips.UnitTest.Adapter, Version=10.0.0.0, Culture=neutral, PublicKeyToken=b03f5f7f11d50a3a" className="Commerce.MVC.Tests.CatalogTests, Commerce.MVC.Tests, Version=1.0.0.0, Culture=neutral, PublicKeyToken=null" name="CatalogService_Can_Group_SubCategories" />
    </UnitTest>
  </TestDefinitions>
  <TestLists>
    <TestList name="Results Not in a List" id="8c84fa94-04c1-424b-9868-57a2d4851a1d" />
    <TestList name="All Loaded Results" id="19431567-8539-422a-85d7-44ee4e166bda" />
  </TestLists>
  <TestEntries>
    <TestEntry testId="ddd4ab95-5d08-9020-c10a-d161d0d5eae5" executionId="284eea17-1202-4048-bb94-81d87858f276" testListId="8c84fa94-04c1-424b-9868-57a2d4851a1d" />
    <TestEntry testId="5b0d6551-0c5f-0335-715b-4eb0c6964c96" executionId="3b3db697-0d67-482d-a757-3db2ebb2347d" testListId="8c84fa94-04c1-424b-9868-57a2d4851a1d" />
    <TestEntry testId="9a40eff0-e98c-4b50-9f1d-e4958d92a7f0" executionId="ea89ebf9-46eb-4c92-bd59-2e5ff92a7038" testListId="8c84fa94-04c1-424b-9868-57a2d4851a1d" />
    <TestEntry testId="554f262a-ed3b-553b-fb57-1213c99f22bd" executionId="d753d66a-9303-4e66-9eeb-198f7d26aa30" testListId="8c84fa94-04c1-424b-9868-57a2d4851a1d" />
    <TestEntry testId="37fc31cd-daa3-d9b9-f32a-811f8af9e708" executionId="7f69adcb-fdda-461f-8086-e8342ea303cf" testListId="8c84fa94-04c1-424b-9868-57a2d4851a1d" />
    <TestEntry testId="afe3af13-837e-1542-131e-bf3718b85b8c" executionId="bbba5371-0c59-4e13-9ab8-953fd1c35a6e" testListId="8c84fa94-04c1-424b-9868-57a2d4851a1d" />
    <TestEntry testId="9d682666-04c0-4fe7-48d2-3044ecb03f51" executionId="dea39f88-343b-491f-946b-4c5f99f6a5ab" testListId="8c84fa94-04c1-424b-9868-57a2d4851a1d" />
    <TestEntry testId="8abe6c3c-c866-bd43-9abc-228b0143a4f9" executionId="d5d33516-7bbc-4d9f-ac4c-aa2cdc8722a6" testListId="8c84fa94-04c1-424b-9868-57a2d4851a1d" />
    <TestEntry testId="6c5d5ba2-725f-1add-322c-38f089eff964" executionId="db05d4ad-2b65-414c-8e54-4fe6427449a6" testListId="8c84fa94-04c1-424b-9868-57a2d4851a1d" />
    <TestEntry testId="980ea060-3f31-def4-4ed9-20ea00bf10a5" executionId="8682602c-4c9b-4700-adfa-fd2c8cb93c06" testListId="8c84fa94-04c1-424b-9868-57a2d4851a1d" />
    <TestEntry testId="e8f411e5-c146-f581-aad7-846708ac4f5f" executionId="16efb8b3-c0d9-417f-a20f-bf57ee8fb199" testListId="8c84fa94-04c1-424b-9868-57a2d4851a1d" />
    <TestEntry testId="4027e48d-36d2-cdbb-23cd-9ef9c383eb3f" executionId="1410e565-f52b-475f-80dc-f6fab812fbee" testListId="8c84fa94-04c1-424b-9868-57a2d4851a1d" />
  </TestEntries>
  <Results>
    <UnitTestResult executionId="284eea17-1202-4048-bb94-81d87858f276" testId="ddd4ab95-5d08-9020-c10a-d161d0d5eae5" testName="Product_Discount_Price_Is_Valid" computerName="TEGRIT0048" duration="00:00:00.0119552" startTime="2015-05-19T16:51:50.1295855-04:00" endTime="2015-05-19T16:51:51.2135855-04:00" testType="13cdc9d9-ddb5-4fa4-a97d-d965ccfc6d4b" outcome="Passed" testListId="8c84fa94-04c1-424b-9868-57a2d4851a1d" relativeResultsDirectory="284eea17-1202-4048-bb94-81d87858f276">
    </UnitTestResult>
    <UnitTestResult executionId="3b3db697-0d67-482d-a757-3db2ebb2347d" testId="5b0d6551-0c5f-0335-715b-4eb0c6964c96" testName="Repository_has_Category_Filter_For_Products" computerName="TEGRIT0048" duration="00:00:07.4488645" startTime="2015-05-19T16:51:51.2195855-04:00" endTime="2015-05-19T16:51:58.6715855-04:00" testType="13cdc9d9-ddb5-4fa4-a97d-d965ccfc6d4b" outcome="Passed" testListId="8c84fa94-04c1-424b-9868-57a2d4851a1d" relativeResultsDirectory="3b3db697-0d67-482d-a757-3db2ebb2347d">
    </UnitTestResult>
    <UnitTestResult executionId="ea89ebf9-46eb-4c92-bd59-2e5ff92a7038" testId="9a40eff0-e98c-4b50-9f1d-e4958d92a7f0" testName="CatalogService_Returns_5_Products_Wtih_Category_11" computerName="TEGRIT0048" duration="00:00:06.4710822" startTime="2015-05-19T16:51:58.6975855-04:00" endTime="2015-05-19T16:52:05.1725855-04:00" testType="13cdc9d9-ddb5-4fa4-a97d-d965ccfc6d4b" outcome="Failed" testListId="8c84fa94-04c1-424b-9868-57a2d4851a1d" relativeResultsDirectory="ea89ebf9-46eb-4c92-bd59-2e5ff92a7038">
      <Output>
        <ErrorInfo>
          <Message>Assert.AreEqual failed. Expected:&lt;5&gt;. Actual:&lt;10&gt;. </Message>
          <StackTrace>   at Commerce.MVC.Tests.CatalogTests.CatalogService_Returns_5_Products_Wtih_Category_11() in C:\Exercises\MVC\MVC_1.0\MVC01_TrainingVideo\Commerce.MVC\Commerce.MVC.Tests\CatalogTests.cs:line 126
</StackTrace>
        </ErrorInfo>
      </Output>
    </UnitTestResult>
    <UnitTestResult executionId="d753d66a-9303-4e66-9eeb-198f7d26aa30" testId="554f262a-ed3b-553b-fb57-1213c99f22bd" testName="Product_Discount_Amount_Is_Valid" computerName="TEGRIT0048" duration="00:00:00.0002597" startTime="2015-05-19T16:52:05.1885855-04:00" endTime="2015-05-19T16:52:05.1915855-04:00" testType="13cdc9d9-ddb5-4fa4-a97d-d965ccfc6d4b" outcome="Passed" testListId="8c84fa94-04c1-424b-9868-57a2d4851a1d" relativeResultsDirectory="d753d66a-9303-4e66-9eeb-198f7d26aa30">
    </UnitTestResult>
    <UnitTestResult executionId="7f69adcb-fdda-461f-8086-e8342ea303cf" testId="37fc31cd-daa3-d9b9-f32a-811f8af9e708" testName="Repository_ProductFilter_Returns_5_Products_Wtih_Category_11" computerName="TEGRIT0048" duration="00:00:08.4841251" startTime="2015-05-19T16:52:05.1975855-04:00" endTime="2015-05-19T16:52:13.6845855-04:00" testType="13cdc9d9-ddb5-4fa4-a97d-d965ccfc6d4b" outcome="Failed" testListId="8c84fa94-04c1-424b-9868-57a2d4851a1d" relativeResultsDirectory="7f69adcb-fdda-461f-8086-e8342ea303cf">
      <Output>
        <ErrorInfo>
          <Message>Assert.AreEqual failed. Expected:&lt;5&gt;. Actual:&lt;10&gt;. </Message>
          <StackTrace>   at Commerce.MVC.Tests.CatalogTests.Repository_ProductFilter_Returns_5_Products_Wtih_Category_11() in C:\Exercises\MVC\MVC_1.0\MVC01_TrainingVideo\Commerce.MVC\Commerce.MVC.Tests\CatalogTests.cs:line 119
</StackTrace>
        </ErrorInfo>
      </Output>
    </UnitTestResult>
    <UnitTestResult executionId="bbba5371-0c59-4e13-9ab8-953fd1c35a6e" testId="afe3af13-837e-1542-131e-bf3718b85b8c" testName="CatalogService_Can_Get_Categories_From_Service" computerName="TEGRIT0048" duration="00:00:00.0009622" startTime="2015-05-19T16:52:13.6955855-04:00" endTime="2015-05-19T16:52:13.6995855-04:00" testType="13cdc9d9-ddb5-4fa4-a97d-d965ccfc6d4b" outcome="Passed" testListId="8c84fa94-04c1-424b-9868-57a2d4851a1d" relativeResultsDirectory="bbba5371-0c59-4e13-9ab8-953fd1c35a6e">
    </UnitTestResult>
    <UnitTestResult executionId="dea39f88-343b-491f-946b-4c5f99f6a5ab" testId="9d682666-04c0-4fe7-48d2-3044ecb03f51" testName="CatalogRepository_Each_Category_Contain_5_Products" computerName="TEGRIT0048" duration="00:00:07.2158227" startTime="2015-05-19T16:52:13.7105855-04:00" endTime="2015-05-19T16:52:20.9285855-04:00" testType="13cdc9d9-ddb5-4fa4-a97d-d965ccfc6d4b" outcome="Failed" testListId="8c84fa94-04c1-424b-9868-57a2d4851a1d" relativeResultsDirectory="dea39f88-343b-491f-946b-4c5f99f6a5ab">
      <Output>
        <ErrorInfo>
          <Message>Assert.AreEqual failed. Expected:&lt;5&gt;. Actual:&lt;10&gt;. </Message>
          <StackTrace>   at Commerce.MVC.Tests.CatalogTests.CatalogRepository_Each_Category_Contain_5_Products() in C:\Exercises\MVC\MVC_1.0\MVC01_TrainingVideo\Commerce.MVC\Commerce.MVC.Tests\CatalogTests.cs:line 101
</StackTrace>
        </ErrorInfo>
      </Output>
    </UnitTestResult>
    <UnitTestResult executionId="d5d33516-7bbc-4d9f-ac4c-aa2cdc8722a6" testId="8abe6c3c-c866-bd43-9abc-228b0143a4f9" testName="CatalogRepository_Contains_Products" computerName="TEGRIT0048" duration="00:00:00.0005111" startTime="2015-05-19T16:52:20.9505855-04:00" endTime="2015-05-19T16:52:20.9545855-04:00" testType="13cdc9d9-ddb5-4fa4-a97d-d965ccfc6d4b" outcome="Passed" testListId="8c84fa94-04c1-424b-9868-57a2d4851a1d" relativeResultsDirectory="d5d33516-7bbc-4d9f-ac4c-aa2cdc8722a6">
    </UnitTestResult>
    <UnitTestResult executionId="db05d4ad-2b65-414c-8e54-4fe6427449a6" testId="6c5d5ba2-725f-1add-322c-38f089eff964" testName="CatalogRespository_Respository_IsNotNull" computerName="TEGRIT0048" duration="00:00:00.0001399" startTime="2015-05-19T16:52:20.9625855-04:00" endTime="2015-05-19T16:52:20.9645855-04:00" testType="13cdc9d9-ddb5-4fa4-a97d-d965ccfc6d4b" outcome="Passed" testListId="8c84fa94-04c1-424b-9868-57a2d4851a1d" relativeResultsDirectory="db05d4ad-2b65-414c-8e54-4fe6427449a6">
    </UnitTestResult>
    <UnitTestResult executionId="8682602c-4c9b-4700-adfa-fd2c8cb93c06" testId="980ea060-3f31-def4-4ed9-20ea00bf10a5" testName="Product_ShouldHave_Name_Description_Category_Price_Discount_Fields" computerName="TEGRIT0048" duration="00:00:00.0005237" startTime="2015-05-19T16:52:20.9685855-04:00" endTime="2015-05-19T16:52:20.9775855-04:00" testType="13cdc9d9-ddb5-4fa4-a97d-d965ccfc6d4b" outcome="Passed" testListId="8c84fa94-04c1-424b-9868-57a2d4851a1d" relativeResultsDirectory="8682602c-4c9b-4700-adfa-fd2c8cb93c06">
    </UnitTestResult>
    <UnitTestResult executionId="16efb8b3-c0d9-417f-a20f-bf57ee8fb199" testId="e8f411e5-c146-f581-aad7-846708ac4f5f" testName="CatalogService_Can_Group_SubCategories" computerName="TEGRIT0048" duration="00:00:00.0002779" startTime="2015-05-19T16:52:20.9855855-04:00" endTime="2015-05-19T16:52:20.9885855-04:00" testType="13cdc9d9-ddb5-4fa4-a97d-d965ccfc6d4b" outcome="Passed" testListId="8c84fa94-04c1-424b-9868-57a2d4851a1d" relativeResultsDirectory="16efb8b3-c0d9-417f-a20f-bf57ee8fb199">
    </UnitTestResult>
    <UnitTestResult executionId="1410e565-f52b-475f-80dc-f6fab812fbee" testId="4027e48d-36d2-cdbb-23cd-9ef9c383eb3f" testName="CatalogService_Can_Group_ParentCategories" computerName="TEGRIT0048" duration="00:00:00.0001610" startTime="2015-05-19T16:52:21.0015855-04:00" endTime="2015-05-19T16:52:21.0045855-04:00" testType="13cdc9d9-ddb5-4fa4-a97d-d965ccfc6d4b" outcome="Passed" testListId="8c84fa94-04c1-424b-9868-57a2d4851a1d" relativeResultsDirectory="1410e565-f52b-475f-80dc-f6fab812fbee">
    </UnitTestResult>
  </Results>
</TestRun>