<?xml version="1.0" encoding="UTF-8"?>
<TestRun id="56a6cac6-8b78-4d8a-81a4-24f0061322f4" name="sheila.deskins@TEGRIT0048 2015-05-20 11:47:35" runUser="TEGRITSOLUTIONS\sheila.deskins" xmlns="http://microsoft.com/schemas/VisualStudio/TeamTest/2010">
  <TestSettings name="Local" id="5e75765d-36df-4850-a95c-b4c6d72b0b69">
    <Description>These are default test settings for a local test run.</Description>
    <Deployment enabled="false" runDeploymentRoot="sheila.deskins_TEGRIT0048 2015-05-20 11_47_35">
      <DeploymentItem filename="C:\Exercises\MVC\MVC_1.0\MVC01_TrainingVideo\Commerce.MVC\Commerce.MVC.Data\bin\Debug\Commerce.MVC.Data.dll" />
      <DeploymentItem filename="C:\Exercises\MVC\MVC_1.0\MVC01_TrainingVideo\Commerce.MVC\Commerce.MVC.Services\bin\Debug\Commerce.MVC.Services.dll" />
    </Deployment>
    <Execution>
      <TestTypeSpecific />
      <AgentRule name="Execution Agents">
      </AgentRule>
    </Execution>
  </TestSettings>
  <Times creation="2015-05-20T11:47:35.6759503-04:00" queuing="2015-05-20T11:47:36.7990626-04:00" start="2015-05-20T11:47:36.9200747-04:00" finish="2015-05-20T11:49:12.8866704-04:00" />
  <ResultSummary outcome="Failed">
    <Counters total="1" executed="1" error="0" failed="1" timeout="0" aborted="0" inconclusive="0" passedButRunAborted="0" notRunnable="0" notExecuted="0" disconnected="0" warning="0" passed="0" completed="0" inProgress="0" pending="0" />
  </ResultSummary>
  <TestDefinitions>
    <UnitTest name="SqlCatalogRespository_ShouldReturn_Categories_AsQuerable_" storage="c:\exercises\mvc\mvc_1.0\mvc01_trainingvideo\commerce.mvc\testproject1\bin\debug\testproject1.dll" id="91deada1-a300-5dda-9106-4184709d4ec1">
      <Execution id="103b93f9-2423-49e5-acf2-ab745ee3108c" />
      <TestMethod codeBase="C:/Exercises/MVC/MVC_1.0/MVC01_TrainingVideo/Commerce.MVC/TestProject1/bin/Debug/TestProject1.DLL" adapterTypeName="Microsoft.VisualStudio.TestTools.TestTypes.Unit.UnitTestAdapter, Microsoft.VisualStudio.QualityTools.Tips.UnitTest.Adapter, Version=10.0.0.0, Culture=neutral, PublicKeyToken=b03f5f7f11d50a3a" className="Commerce.MVC.IntegrationTests.CatalogIntegrationTest, TestProject1, Version=1.0.0.0, Culture=neutral, PublicKeyToken=null" name="SqlCatalogRespository_ShouldReturn_Categories_AsQuerable_" />
    </UnitTest>
  </TestDefinitions>
  <TestLists>
    <TestList name="Results Not in a List" id="8c84fa94-04c1-424b-9868-57a2d4851a1d" />
    <TestList name="All Loaded Results" id="19431567-8539-422a-85d7-44ee4e166bda" />
  </TestLists>
  <TestEntries>
    <TestEntry testId="91deada1-a300-5dda-9106-4184709d4ec1" executionId="103b93f9-2423-49e5-acf2-ab745ee3108c" testListId="8c84fa94-04c1-424b-9868-57a2d4851a1d" />
  </TestEntries>
  <Results>
    <UnitTestResult executionId="103b93f9-2423-49e5-acf2-ab745ee3108c" testId="91deada1-a300-5dda-9106-4184709d4ec1" testName="SqlCatalogRespository_ShouldReturn_Categories_AsQuerable_" computerName="TEGRIT0048" duration="00:01:33.1435669" startTime="2015-05-20T11:47:37.0220849-04:00" endTime="2015-05-20T11:49:11.3195137-04:00" testType="13cdc9d9-ddb5-4fa4-a97d-d965ccfc6d4b" outcome="Failed" testListId="8c84fa94-04c1-424b-9868-57a2d4851a1d" relativeResultsDirectory="103b93f9-2423-49e5-acf2-ab745ee3108c">
      <Output>
        <ErrorInfo>
          <Message>Assert.AreEqual failed. Expected:&lt;category1&gt;. Actual:&lt;category1                                         &gt;. </Message>
          <StackTrace>   at Commerce.MVC.IntegrationTests.CatalogIntegrationTest.SqlCatalogRespository_ShouldReturn_Categories_AsQuerable_() in C:\Exercises\MVC\MVC_1.0\MVC01_TrainingVideo\Commerce.MVC\TestProject1\CatalogIntegrationTest.cs:line 29
</StackTrace>
        </ErrorInfo>
      </Output>
    </UnitTestResult>
  </Results>
</TestRun>