<?xml version="1.0" encoding="UTF-8"?>
<TestRun id="fa09cf48-6bfc-46f2-b79f-a69f9fc1e17d" name="sheila.deskins@TEGRIT0048 2015-05-19 14:38:45" runUser="TEGRITSOLUTIONS\sheila.deskins" xmlns="http://microsoft.com/schemas/VisualStudio/TeamTest/2010">
  <TestSettings name="Default Test Settings" id="d987256a-658a-4675-861a-311b6bd2ad2d">
    <Deployment userDeploymentRoot="C:\Exercises\MVC\MVC_1.0\MVC01_TrainingVideo\Commerce.MVC\TestResults" useDefaultDeploymentRoot="false" runDeploymentRoot="sheila.deskins_TEGRIT0048 2015-05-19 14_38_45">
      <DeploymentItem filename="C:\Exercises\MVC\MVC_1.0\MVC01_TrainingVideo\Commerce.MVC\ClassLibrary2\bin\Debug\Commerce.MVC.Data.dll" />
      <DeploymentItem filename="C:\Exercises\MVC\MVC_1.0\MVC01_TrainingVideo\Commerce.MVC\Commerce.MVC\bin\Commerce.MVC.dll" />
    </Deployment>
    <Execution>
      <TestTypeSpecific />
      <AgentRule name="Execution Agents">
      </AgentRule>
    </Execution>
  </TestSettings>
  <Times creation="2015-05-19T14:38:45.5075855-04:00" queuing="2015-05-19T14:38:45.5885855-04:00" start="2015-05-19T14:38:45.5905855-04:00" finish="2015-05-19T14:38:45.7375855-04:00" />
  <ResultSummary outcome="Completed">
    <Counters total="1" executed="1" passed="1" error="0" failed="0" timeout="0" aborted="0" inconclusive="0" passedButRunAborted="0" notRunnable="0" notExecuted="0" disconnected="0" warning="0" completed="0" inProgress="0" pending="0" />
  </ResultSummary>
  <TestDefinitions>
    <UnitTest name="Product_Discount_Price_Is_Valid" storage="c:\exercises\mvc\mvc_1.0\mvc01_trainingvideo\commerce.mvc\commerce.mvc.tests\bin\debug\commerce.mvc.tests.dll" id="ddd4ab95-5d08-9020-c10a-d161d0d5eae5">
      <Execution id="a4661e4d-45f9-470d-9b17-258a16748af3" />
      <TestMethod codeBase="C:/Exercises/MVC/MVC_1.0/MVC01_TrainingVideo/Commerce.MVC/Commerce.MVC.Tests/bin/Debug/Commerce.MVC.Tests.DLL" adapterTypeName="Microsoft.VisualStudio.TestTools.TestTypes.Unit.UnitTestAdapter, Microsoft.VisualStudio.QualityTools.Tips.UnitTest.Adapter, Version=10.0.0.0, Culture=neutral, PublicKeyToken=b03f5f7f11d50a3a" className="Commerce.MVC.Tests.CatalogTests, Commerce.MVC.Tests, Version=1.0.0.0, Culture=neutral, PublicKeyToken=null" name="Product_Discount_Price_Is_Valid" />
    </UnitTest>
  </TestDefinitions>
  <TestLists>
    <TestList name="Results Not in a List" id="8c84fa94-04c1-424b-9868-57a2d4851a1d" />
    <TestList name="All Loaded Results" id="19431567-8539-422a-85d7-44ee4e166bda" />
  </TestLists>
  <TestEntries>
    <TestEntry testId="ddd4ab95-5d08-9020-c10a-d161d0d5eae5" executionId="a4661e4d-45f9-470d-9b17-258a16748af3" testListId="8c84fa94-04c1-424b-9868-57a2d4851a1d" />
  </TestEntries>
  <Results>
    <UnitTestResult executionId="a4661e4d-45f9-470d-9b17-258a16748af3" testId="ddd4ab95-5d08-9020-c10a-d161d0d5eae5" testName="Product_Discount_Price_Is_Valid" computerName="TEGRIT0048" duration="00:00:00.0097426" startTime="2015-05-19T14:38:45.5935855-04:00" endTime="2015-05-19T14:38:45.7275855-04:00" testType="13cdc9d9-ddb5-4fa4-a97d-d965ccfc6d4b" outcome="Passed" testListId="8c84fa94-04c1-424b-9868-57a2d4851a1d" relativeResultsDirectory="a4661e4d-45f9-470d-9b17-258a16748af3">
    </UnitTestResult>
  </Results>
</TestRun>